{"meta": {"format": 3, "version": "7.8.2", "timestamp": "2025-10-27T15:28:04.296183", "branch_coverage": false, "show_contexts": false}, "files": {".nix-python-packages/anyio/_backends/__init__.py": {"executed_lines": [0], "summary": {"covered_lines": 0, "num_statements": 0, "percent_covered": 100.0, "percent_covered_display": "100", "missing_lines": 0, "excluded_lines": 0}, "missing_lines": [], "excluded_lines": [], "functions": {"": {"executed_lines": [], "summary": {"covered_lines": 0, "num_statements": 0, "percent_covered": 100.0, "percent_covered_display": "100", "missing_lines": 0, "excluded_lines": 0}, "missing_lines": [], "excluded_lines": []}}, "classes": {"": {"executed_lines": [], "summary": {"covered_lines": 0, "num_statements": 0, "percent_covered": 100.0, "percent_covered_display": "100", "missing_lines": 0, "excluded_lines": 0}, "missing_lines": [], "excluded_lines": []}}}, ".nix-python-packages/anyio/_backends/_asyncio.py": {"executed_lines": [1, 3, 4, 5, 6, 7, 8, 9, 10, 11, 12, 13, 22, 23, 24, 34, 35, 36, 37, 38, 39, 45, 46, 47, 48, 49, 50, 51, 52, 60, 62, 64, 71, 72, 81, 82, 83, 86, 87, 88, 92, 93, 94, 101, 102, 103, 105, 108, 110, 111, 115, 116, 117, 299, 300, 301, 302, 304, 307, 308, 309, 310, 313, 314, 315, 316, 317, 318, 319, 335, 336, 337, 338, 345, 348, 352, 353, 354, 355, 366, 370, 371, 376, 385, 386, 387, 389, 390, 391, 392, 393, 394, 395, 396, 397, 398, 399, 400, 401, 402, 403, 407, 408, 411, 412, 413, 414, 419, 420, 421, 424, 425, 427, 428, 431, 434, 436, 442, 444, 446, 451, 452, 453, 459, 460, 461, 465, 466, 467, 468, 470, 474, 479, 481, 482, 483, 486, 487, 488, 489, 490, 494, 496, 502, 504, 505, 507, 508, 509, 510, 511, 512, 514, 517, 519, 521, 522, 523, 529, 530, 537, 548, 549, 550, 551, 552, 556, 557, 558, 559, 560, 561, 565, 566, 567, 570, 571, 572, 576, 578, 580, 585, 586, 587, 588, 589, 591, 594, 597, 599, 600, 601, 605, 606, 607, 608, 610, 613, 614, 616, 617, 620, 621, 630, 631, 632, 634, 635, 638, 639, 640, 642, 643, 644, 645, 646, 655, 656, 661, 663, 664, 665, 668, 676, 677, 681, 692, 695, 698, 699, 700, 701, 702, 703, 704, 706, 707, 708, 709, 711, 717, 718, 723, 724, 725, 726, 727, 728, 730, 731, 732, 735, 736, 741, 745, 747, 751, 753, 754, 762, 763, 764, 765, 766, 770, 772, 774, 781, 782, 783, 784, 785, 786, 787, 789, 790, 791, 792, 793, 795, 796, 797, 798, 801, 803, 807, 810, 811, 814, 818, 823, 826, 827, 833, 835, 836, 843, 844, 845, 853, 856, 857, 858, 859, 860, 862, 868, 870, 895, 898, 899, 901, 907, 908, 909, 910, 911, 912, 915, 916, 918, 921, 922, 923, 925, 926, 927, 932, 934, 936, 937, 938, 939, 940, 942, 944, 945, 946, 947, 948, 949, 950, 951, 952, 954, 956, 957, 961, 963, 964, 966, 967, 968, 969, 970, 971, 976, 977, 980, 981, 982, 984, 985, 986, 988, 996, 1008, 1009, 1010, 1012, 1019, 1024, 1025, 1026, 1028, 1032, 1037, 1038, 1039, 1040, 1041, 1042, 1044, 1062, 1065, 1068, 1071, 1074, 1075, 1078, 1079, 1082, 1083, 1086, 1087, 1090, 1091, 1095, 1118, 1143, 1144, 1145, 1146, 1147, 1148, 1150, 1157, 1165, 1170, 1175, 1178, 1182, 1183, 1184, 1185, 1186, 1188, 1194, 1198, 1203, 1206, 1209, 1213, 1214, 1221, 1222, 1225, 1260, 1279, 1285, 1298, 1299, 1300, 1301, 1303, 1308, 1309, 1312, 1322, 1332, 1344, 1345, 1349, 1369, 1387, 1426, 1460, 1461, 1462, 1464, 1469, 1470, 1473, 1500, 1518, 1519, 1525, 1544, 1548, 1549, 1553, 1554, 1561, 1562, 1565, 1570, 1587, 1599, 1600, 1607, 1608, 1611, 1616, 1635, 1647, 1648, 1665, 1683, 1684, 1701, 1719, 1720, 1728, 1729, 1730, 1732, 1733, 1735, 1736, 1738, 1739, 1741, 1742, 1745, 1747, 1751, 1752, 1755, 1760, 1794, 1805, 1808, 1820, 1825, 1826, 1835, 1848, 1876, 1882, 1894, 1895, 1898, 1899, 1902, 1906, 1907, 1909, 1910, 1912, 1913, 1914, 1915, 1917, 1918, 1920, 1926, 1928, 1929, 1932, 1933, 1934, 1936, 1939, 1940, 1943, 1948, 1949, 1952, 1953, 1956, 1958, 1962, 1965, 1966, 1971, 1974, 1976, 1977, 1979, 1980, 1981, 1982, 1997, 1998, 2003, 2004, 2006, 2007, 2008, 2014, 2016, 2025, 2033, 2034, 2041, 2046, 2053, 2062, 2065, 2079, 2080, 2081, 2082, 2085, 2087, 2088, 2089, 2090, 2092, 2093, 2097, 2099, 2105, 2106, 2107, 2112, 2113, 2115, 2131, 2136, 2144, 2147, 2153, 2164, 2191, 2210, 2231, 2242, 2253, 2254, 2255, 2262, 2263, 2264, 2265, 2266, 2268, 2269, 2271, 2273, 2274, 2275, 2280, 2281, 2283, 2284, 2285, 2287, 2288, 2289, 2291, 2292, 2293, 2295, 2296, 2297, 2299, 2300, 2301, 2302, 2305, 2306, 2310, 2311, 2313, 2316, 2318, 2319, 2320, 2321, 2323, 2324, 2327, 2328, 2331, 2333, 2334, 2356, 2357, 2358, 2360, 2361, 2362, 2364, 2365, 2368, 2369, 2378, 2379, 2382, 2383, 2390, 2394, 2395, 2396, 2397, 2398, 2399, 2400, 2401, 2403, 2404, 2405, 2406, 2407, 2408, 2409, 2410, 2411, 2413, 2417, 2418, 2426, 2427, 2428, 2431, 2433, 2434, 2436, 2437, 2448, 2449, 2481, 2482, 2488, 2489, 2490, 2491, 2492, 2498, 2499, 2502, 2503, 2504, 2506, 2507, 2508, 2510, 2511, 2546, 2547, 2556, 2557, 2569, 2570, 2589, 2590, 2593, 2594, 2597, 2598, 2621, 2622, 2645, 2646, 2668, 2669, 2672, 2673, 2725, 2726, 2778, 2779, 2827, 2828, 2831, 2832, 2836, 2837, 2840, 2841, 2847, 2848, 2854, 2855, 2858, 2859, 2864, 2865, 2866, 2867, 2868, 2869, 2870, 2871, 2873, 2874, 2879, 2880, 2881, 2883, 2884, 2887, 2888, 2903, 2904, 2908], "summary": {"covered_lines": 766, "num_statements": 1852, "percent_covered": 41.360691144708426, "percent_covered_display": "41", "missing_lines": 1086, "excluded_lines": 0}, "missing_lines": [106, 113, 119, 120, 121, 122, 124, 125, 127, 128, 129, 130, 132, 134, 140, 141, 142, 143, 144, 145, 146, 148, 149, 150, 152, 158, 160, 162, 163, 164, 165, 166, 167, 168, 169, 171, 173, 174, 175, 176, 177, 179, 181, 182, 184, 186, 187, 189, 191, 193, 195, 196, 197, 199, 203, 204, 205, 206, 210, 212, 214, 215, 216, 217, 218, 219, 220, 221, 222, 224, 225, 227, 228, 229, 230, 231, 232, 233, 234, 237, 238, 240, 241, 242, 243, 244, 246, 247, 248, 249, 251, 252, 253, 255, 256, 257, 258, 260, 261, 263, 265, 266, 267, 268, 269, 277, 280, 281, 282, 283, 284, 285, 287, 288, 289, 290, 291, 292, 293, 294, 296, 322, 323, 324, 325, 326, 327, 329, 330, 332, 356, 358, 378, 379, 380, 382, 405, 409, 415, 416, 417, 432, 445, 447, 454, 462, 463, 492, 497, 498, 499, 500, 515, 531, 532, 533, 535, 553, 595, 602, 603, 611, 618, 622, 623, 624, 625, 627, 628, 636, 647, 678, 679, 682, 683, 684, 685, 686, 688, 689, 693, 719, 720, 721, 759, 768, 799, 808, 812, 815, 817, 819, 824, 828, 829, 837, 838, 850, 851, 873, 874, 880, 881, 882, 884, 885, 886, 888, 928, 929, 930, 972, 973, 1013, 1014, 1015, 1017, 1020, 1021, 1029, 1030, 1033, 1034, 1045, 1046, 1047, 1048, 1049, 1050, 1051, 1053, 1054, 1055, 1056, 1057, 1058, 1059, 1060, 1063, 1066, 1069, 1072, 1076, 1080, 1084, 1088, 1092, 1098, 1099, 1100, 1101, 1102, 1103, 1106, 1107, 1108, 1110, 1111, 1112, 1113, 1114, 1115, 1127, 1128, 1129, 1130, 1131, 1132, 1134, 1135, 1151, 1152, 1153, 1154, 1155, 1158, 1159, 1160, 1162, 1163, 1167, 1168, 1171, 1172, 1173, 1176, 1179, 1189, 1190, 1191, 1192, 1195, 1196, 1199, 1200, 1201, 1204, 1207, 1210, 1215, 1216, 1217, 1218, 1219, 1223, 1226, 1227, 1232, 1233, 1234, 1236, 1238, 1239, 1240, 1241, 1242, 1243, 1244, 1246, 1248, 1250, 1251, 1255, 1256, 1258, 1261, 1262, 1264, 1265, 1266, 1267, 1269, 1270, 1271, 1272, 1273, 1275, 1277, 1280, 1281, 1282, 1283, 1286, 1287, 1288, 1289, 1290, 1291, 1293, 1294, 1295, 1304, 1305, 1306, 1310, 1313, 1314, 1315, 1317, 1318, 1319, 1320, 1323, 1324, 1325, 1327, 1328, 1329, 1330, 1333, 1334, 1335, 1336, 1338, 1339, 1340, 1341, 1346, 1347, 1350, 1351, 1352, 1353, 1354, 1355, 1356, 1357, 1358, 1359, 1360, 1362, 1364, 1365, 1367, 1370, 1371, 1372, 1373, 1374, 1375, 1376, 1377, 1378, 1379, 1380, 1381, 1383, 1385, 1388, 1389, 1390, 1391, 1393, 1394, 1395, 1396, 1397, 1398, 1399, 1402, 1403, 1404, 1405, 1406, 1408, 1410, 1411, 1413, 1415, 1416, 1417, 1422, 1424, 1427, 1428, 1429, 1430, 1432, 1433, 1434, 1435, 1436, 1437, 1438, 1440, 1441, 1442, 1443, 1444, 1447, 1450, 1451, 1452, 1453, 1454, 1455, 1457, 1465, 1466, 1467, 1471, 1474, 1475, 1477, 1478, 1479, 1480, 1481, 1482, 1484, 1485, 1486, 1487, 1489, 1490, 1492, 1494, 1496, 1497, 1498, 1501, 1502, 1504, 1505, 1507, 1508, 1509, 1510, 1512, 1513, 1515, 1520, 1521, 1522, 1523, 1526, 1527, 1528, 1529, 1530, 1531, 1532, 1533, 1534, 1535, 1536, 1537, 1538, 1539, 1540, 1542, 1545, 1546, 1550, 1555, 1556, 1557, 1558, 1559, 1563, 1566, 1567, 1568, 1571, 1572, 1575, 1576, 1577, 1579, 1580, 1581, 1582, 1583, 1585, 1588, 1589, 1590, 1591, 1592, 1593, 1594, 1596, 1601, 1602, 1603, 1604, 1605, 1609, 1612, 1613, 1614, 1617, 1618, 1621, 1622, 1623, 1625, 1626, 1627, 1628, 1629, 1631, 1633, 1636, 1637, 1638, 1639, 1640, 1641, 1642, 1644, 1649, 1650, 1651, 1652, 1653, 1654, 1655, 1656, 1657, 1658, 1659, 1661, 1663, 1666, 1667, 1668, 1669, 1670, 1671, 1672, 1673, 1674, 1675, 1676, 1678, 1680, 1685, 1686, 1687, 1688, 1689, 1690, 1691, 1692, 1693, 1694, 1695, 1697, 1699, 1702, 1703, 1704, 1705, 1706, 1707, 1708, 1709, 1710, 1711, 1712, 1714, 1716, 1743, 1748, 1753, 1756, 1757, 1758, 1761, 1762, 1763, 1764, 1768, 1769, 1770, 1771, 1772, 1773, 1775, 1777, 1778, 1780, 1781, 1782, 1783, 1784, 1785, 1786, 1787, 1788, 1790, 1792, 1795, 1796, 1797, 1798, 1800, 1801, 1803, 1806, 1809, 1810, 1812, 1813, 1814, 1815, 1816, 1818, 1821, 1822, 1833, 1842, 1843, 1844, 1845, 1846, 1849, 1850, 1851, 1855, 1856, 1857, 1858, 1859, 1860, 1862, 1864, 1865, 1866, 1867, 1868, 1869, 1870, 1871, 1872, 1874, 1877, 1878, 1880, 1883, 1884, 1886, 1887, 1888, 1889, 1890, 1892, 1896, 1900, 1903, 1930, 1935, 1937, 1944, 1945, 1946, 1950, 1954, 1959, 1960, 1963, 1967, 1972, 1983, 1984, 1985, 1986, 1987, 1988, 1989, 1990, 1991, 1993, 1995, 1999, 2000, 2001, 2009, 2010, 2017, 2035, 2036, 2037, 2038, 2039, 2042, 2043, 2044, 2047, 2048, 2049, 2051, 2059, 2060, 2063, 2066, 2067, 2068, 2069, 2071, 2083, 2095, 2098, 2103, 2109, 2122, 2123, 2125, 2127, 2128, 2129, 2132, 2133, 2134, 2142, 2145, 2148, 2149, 2151, 2155, 2156, 2157, 2158, 2159, 2160, 2170, 2172, 2173, 2174, 2175, 2176, 2177, 2178, 2180, 2181, 2182, 2183, 2185, 2186, 2188, 2189, 2197, 2198, 2201, 2205, 2206, 2207, 2208, 2215, 2216, 2219, 2221, 2223, 2224, 2225, 2226, 2228, 2229, 2236, 2239, 2240, 2245, 2246, 2247, 2248, 2250, 2276, 2278, 2303, 2307, 2308, 2312, 2314, 2325, 2335, 2336, 2338, 2339, 2340, 2341, 2343, 2344, 2345, 2346, 2347, 2348, 2349, 2350, 2352, 2354, 2366, 2376, 2380, 2419, 2420, 2422, 2423, 2424, 2429, 2438, 2439, 2440, 2441, 2443, 2444, 2446, 2455, 2456, 2457, 2458, 2459, 2460, 2461, 2462, 2463, 2464, 2466, 2467, 2469, 2470, 2471, 2473, 2474, 2475, 2476, 2479, 2493, 2494, 2495, 2496, 2500, 2520, 2521, 2522, 2524, 2525, 2533, 2541, 2542, 2543, 2544, 2548, 2552, 2560, 2566, 2567, 2571, 2572, 2573, 2574, 2575, 2576, 2577, 2578, 2579, 2580, 2581, 2582, 2583, 2584, 2585, 2587, 2591, 2595, 2605, 2612, 2613, 2614, 2616, 2617, 2619, 2625, 2626, 2628, 2629, 2630, 2631, 2632, 2633, 2634, 2635, 2636, 2637, 2638, 2639, 2641, 2643, 2664, 2670, 2674, 2675, 2676, 2677, 2678, 2680, 2681, 2682, 2684, 2685, 2687, 2688, 2689, 2690, 2691, 2693, 2695, 2696, 2697, 2698, 2700, 2701, 2702, 2703, 2705, 2706, 2707, 2709, 2711, 2712, 2713, 2715, 2716, 2717, 2718, 2720, 2722, 2723, 2727, 2728, 2729, 2730, 2731, 2733, 2734, 2735, 2737, 2738, 2740, 2741, 2742, 2743, 2744, 2746, 2748, 2749, 2750, 2751, 2753, 2754, 2755, 2756, 2758, 2759, 2760, 2762, 2764, 2765, 2766, 2768, 2769, 2770, 2771, 2773, 2775, 2776, 2780, 2781, 2783, 2784, 2785, 2786, 2788, 2789, 2790, 2791, 2793, 2794, 2795, 2796, 2798, 2799, 2800, 2801, 2803, 2805, 2806, 2807, 2808, 2810, 2811, 2812, 2813, 2815, 2816, 2817, 2818, 2820, 2821, 2822, 2823, 2825, 2829, 2833, 2834, 2838, 2842, 2845, 2849, 2852, 2856, 2862, 2877, 2885, 2889, 2890, 2891, 2892, 2893, 2894, 2896, 2897, 2898, 2899, 2901, 2905], "excluded_lines": [], "functions": {"find_root_task": {"executed_lines": [308, 309, 310, 313, 314, 315, 316, 317, 318, 319], "summary": {"covered_lines": 10, "num_statements": 19, "percent_covered": 52.63157894736842, "percent_covered_display": "53", "missing_lines": 9, "excluded_lines": 0}, "missing_lines": [322, 323, 324, 325, 326, 327, 329, 330, 332], "excluded_lines": []}, "get_callable_name": {"executed_lines": [336, 337, 338], "summary": {"covered_lines": 3, "num_statements": 3, "percent_covered": 100.0, "percent_covered_display": "100", "missing_lines": 0, "excluded_lines": 0}, "missing_lines": [], "excluded_lines": []}, "_task_started": {"executed_lines": [352, 353, 354, 355], "summary": {"covered_lines": 4, "num_statements": 6, "percent_covered": 66.66666666666667, "percent_covered_display": "67", "missing_lines": 2, "excluded_lines": 0}, "missing_lines": [356, 358], "excluded_lines": []}, "is_anyio_cancellation": {"executed_lines": [370, 371, 376], "summary": {"covered_lines": 3, "num_statements": 7, "percent_covered": 42.857142857142854, "percent_covered_display": "43", "missing_lines": 4, "excluded_lines": 0}, "missing_lines": [378, 379, 380, 382], "excluded_lines": []}, "CancelScope.__new__": {"executed_lines": [387], "summary": {"covered_lines": 1, "num_statements": 1, "percent_covered": 100.0, "percent_covered_display": "100", "missing_lines": 0, "excluded_lines": 0}, "missing_lines": [], "excluded_lines": []}, "CancelScope.__init__": {"executed_lines": [390, 391, 392, 393, 394, 395, 396, 397, 398, 399, 400, 401, 402, 403], "summary": {"covered_lines": 14, "num_statements": 15, "percent_covered": 93.33333333333333, "percent_covered_display": "93", "missing_lines": 1, "excluded_lines": 0}, "missing_lines": [405], "excluded_lines": []}, "CancelScope.__enter__": {"executed_lines": [408, 411, 412, 413, 414, 419, 420, 421, 424, 425, 427, 428, 431, 434], "summary": {"covered_lines": 14, "num_statements": 19, "percent_covered": 73.6842105263158, "percent_covered_display": "74", "missing_lines": 5, "excluded_lines": 0}, "missing_lines": [409, 415, 416, 417, 432], "excluded_lines": []}, "CancelScope.__exit__": {"executed_lines": [442, 444, 446, 451, 452, 453, 459, 460, 461, 465, 466, 467, 468, 470, 474, 479, 481, 482, 483, 486, 487, 488, 489, 490, 494, 496, 502, 504, 505], "summary": {"covered_lines": 29, "num_statements": 39, "percent_covered": 74.35897435897436, "percent_covered_display": "74", "missing_lines": 10, "excluded_lines": 0}, "missing_lines": [445, 447, 454, 462, 463, 492, 497, 498, 499, 500], "excluded_lines": []}, "CancelScope._effectively_cancelled": {"executed_lines": [509, 510, 511, 512, 514, 517, 519], "summary": {"covered_lines": 7, "num_statements": 8, "percent_covered": 87.5, "percent_covered_display": "88", "missing_lines": 1, "excluded_lines": 0}, "missing_lines": [515], "excluded_lines": []}, "CancelScope._parent_cancellation_is_visible_to_us": {"executed_lines": [523], "summary": {"covered_lines": 1, "num_statements": 1, "percent_covered": 100.0, "percent_covered_display": "100", "missing_lines": 0, "excluded_lines": 0}, "missing_lines": [], "excluded_lines": []}, "CancelScope._timeout": {"executed_lines": [530], "summary": {"covered_lines": 1, "num_statements": 5, "percent_covered": 20.0, "percent_covered_display": "20", "missing_lines": 4, "excluded_lines": 0}, "missing_lines": [531, 532, 533, 535], "excluded_lines": []}, "CancelScope._deliver_cancellation": {"executed_lines": [548, 549, 550, 551, 552, 556, 557, 558, 559, 560, 561, 565, 566, 567, 570, 571, 572, 576, 578], "summary": {"covered_lines": 19, "num_statements": 20, "percent_covered": 95.0, "percent_covered_display": "95", "missing_lines": 1, "excluded_lines": 0}, "missing_lines": [553], "excluded_lines": []}, "CancelScope._restart_cancellation_in_parent": {"executed_lines": [585, 586, 587, 588, 589, 591, 594, 597], "summary": {"covered_lines": 8, "num_statements": 9, "percent_covered": 88.88888888888889, "percent_covered_display": "89", "missing_lines": 1, "excluded_lines": 0}, "missing_lines": [595], "excluded_lines": []}, "CancelScope.cancel": {"executed_lines": [600, 601, 605, 606, 607, 608, 610, 613, 614], "summary": {"covered_lines": 9, "num_statements": 12, "percent_covered": 75.0, "percent_covered_display": "75", "missing_lines": 3, "excluded_lines": 0}, "missing_lines": [602, 603, 611], "excluded_lines": []}, "CancelScope.deadline": {"executed_lines": [], "summary": {"covered_lines": 0, "num_statements": 6, "percent_covered": 0.0, "percent_covered_display": "0", "missing_lines": 6, "excluded_lines": 0}, "missing_lines": [622, 623, 624, 625, 627, 628], "excluded_lines": []}, "CancelScope.cancel_called": {"executed_lines": [632], "summary": {"covered_lines": 1, "num_statements": 1, "percent_covered": 100.0, "percent_covered_display": "100", "missing_lines": 0, "excluded_lines": 0}, "missing_lines": [], "excluded_lines": []}, "CancelScope.cancelled_caught": {"executed_lines": [], "summary": {"covered_lines": 0, "num_statements": 1, "percent_covered": 0.0, "percent_covered_display": "0", "missing_lines": 1, "excluded_lines": 0}, "missing_lines": [636], "excluded_lines": []}, "CancelScope.shield": {"executed_lines": [644, 645, 646], "summary": {"covered_lines": 3, "num_statements": 4, "percent_covered": 75.0, "percent_covered_display": "75", "missing_lines": 1, "excluded_lines": 0}, "missing_lines": [647], "excluded_lines": []}, "TaskState.__init__": {"executed_lines": [664, 665], "summary": {"covered_lines": 2, "num_statements": 2, "percent_covered": 100.0, "percent_covered_display": "100", "missing_lines": 0, "excluded_lines": 0}, "missing_lines": [], "excluded_lines": []}, "_AsyncioTaskStatus.__init__": {"executed_lines": [], "summary": {"covered_lines": 0, "num_statements": 2, "percent_covered": 0.0, "percent_covered_display": "0", "missing_lines": 2, "excluded_lines": 0}, "missing_lines": [678, 679], "excluded_lines": []}, "_AsyncioTaskStatus.started": {"executed_lines": [], "summary": {"covered_lines": 0, "num_statements": 7, "percent_covered": 0.0, "percent_covered_display": "0", "missing_lines": 7, "excluded_lines": 0}, "missing_lines": [682, 683, 684, 685, 686, 688, 689], "excluded_lines": []}, "TaskGroup.__init__": {"executed_lines": [700, 701, 702, 703, 704], "summary": {"covered_lines": 5, "num_statements": 5, "percent_covered": 100.0, "percent_covered_display": "100", "missing_lines": 0, "excluded_lines": 0}, "missing_lines": [], "excluded_lines": []}, "TaskGroup.__aenter__": {"executed_lines": [707, 708, 709], "summary": {"covered_lines": 3, "num_statements": 3, "percent_covered": 100.0, "percent_covered_display": "100", "missing_lines": 0, "excluded_lines": 0}, "missing_lines": [], "excluded_lines": []}, "TaskGroup.__aexit__": {"executed_lines": [717, 718, 723, 724, 725, 726, 727, 728, 730, 731, 732, 735, 736, 741, 745, 747, 751, 753, 754, 762, 763, 764, 765, 766, 770, 772], "summary": {"covered_lines": 26, "num_statements": 31, "percent_covered": 83.87096774193549, "percent_covered_display": "84", "missing_lines": 5, "excluded_lines": 0}, "missing_lines": [719, 720, 721, 759, 768], "excluded_lines": []}, "TaskGroup._spawn": {"executed_lines": [781, 823, 826, 827, 833, 835, 836, 843, 844, 845, 853, 856, 857, 858, 859, 860], "summary": {"covered_lines": 16, "num_statements": 23, "percent_covered": 69.56521739130434, "percent_covered_display": "70", "missing_lines": 7, "excluded_lines": 0}, "missing_lines": [824, 828, 829, 837, 838, 850, 851], "excluded_lines": []}, "TaskGroup._spawn.task_done": {"executed_lines": [782, 783, 784, 785, 786, 787, 789, 790, 791, 792, 793, 795, 796, 797, 798, 801, 803, 807, 810, 811, 814, 818], "summary": {"covered_lines": 22, "num_statements": 28, "percent_covered": 78.57142857142857, "percent_covered_display": "79", "missing_lines": 6, "excluded_lines": 0}, "missing_lines": [799, 808, 812, 815, 817, 819], "excluded_lines": []}, "TaskGroup.start_soon": {"executed_lines": [868], "summary": {"covered_lines": 1, "num_statements": 1, "percent_covered": 100.0, "percent_covered_display": "100", "missing_lines": 0, "excluded_lines": 0}, "missing_lines": [], "excluded_lines": []}, "TaskGroup.start": {"executed_lines": [], "summary": {"covered_lines": 0, "num_statements": 9, "percent_covered": 0.0, "percent_covered_display": "0", "missing_lines": 9, "excluded_lines": 0}, "missing_lines": [873, 874, 880, 881, 882, 884, 885, 886, 888], "excluded_lines": []}, "WorkerThread.__init__": {"executed_lines": [907, 908, 909, 910, 911, 912, 915, 916], "summary": {"covered_lines": 8, "num_statements": 8, "percent_covered": 100.0, "percent_covered_display": "100", "missing_lines": 0, "excluded_lines": 0}, "missing_lines": [], "excluded_lines": []}, "WorkerThread._report_result": {"executed_lines": [921, 922, 923, 925, 926, 927, 932, 934], "summary": {"covered_lines": 8, "num_statements": 11, "percent_covered": 72.72727272727273, "percent_covered_display": "73", "missing_lines": 3, "excluded_lines": 0}, "missing_lines": [928, 929, 930], "excluded_lines": []}, "WorkerThread.run": {"executed_lines": [937, 938, 939, 940, 942, 944, 945, 946, 947, 948, 949, 950, 951, 952, 954, 956, 957, 961, 963, 964], "summary": {"covered_lines": 20, "num_statements": 20, "percent_covered": 100.0, "percent_covered_display": "100", "missing_lines": 0, "excluded_lines": 0}, "missing_lines": [], "excluded_lines": []}, "WorkerThread.stop": {"executed_lines": [967, 968, 969, 970, 971], "summary": {"covered_lines": 5, "num_statements": 7, "percent_covered": 71.42857142857143, "percent_covered_display": "71", "missing_lines": 2, "excluded_lines": 0}, "missing_lines": [972, 973], "excluded_lines": []}, "BlockingPortal.__new__": {"executed_lines": [982], "summary": {"covered_lines": 1, "num_statements": 1, "percent_covered": 100.0, "percent_covered_display": "100", "missing_lines": 0, "excluded_lines": 0}, "missing_lines": [], "excluded_lines": []}, "BlockingPortal.__init__": {"executed_lines": [985, 986], "summary": {"covered_lines": 2, "num_statements": 2, "percent_covered": 100.0, "percent_covered_display": "100", "missing_lines": 0, "excluded_lines": 0}, "missing_lines": [], "excluded_lines": []}, "BlockingPortal._spawn_task_from_thread": {"executed_lines": [996], "summary": {"covered_lines": 1, "num_statements": 1, "percent_covered": 100.0, "percent_covered_display": "100", "missing_lines": 0, "excluded_lines": 0}, "missing_lines": [], "excluded_lines": []}, "StreamReaderWrapper.receive": {"executed_lines": [], "summary": {"covered_lines": 0, "num_statements": 4, "percent_covered": 0.0, "percent_covered_display": "0", "missing_lines": 4, "excluded_lines": 0}, "missing_lines": [1013, 1014, 1015, 1017], "excluded_lines": []}, "StreamReaderWrapper.aclose": {"executed_lines": [], "summary": {"covered_lines": 0, "num_statements": 2, "percent_covered": 0.0, "percent_covered_display": "0", "missing_lines": 2, "excluded_lines": 0}, "missing_lines": [1020, 1021], "excluded_lines": []}, "StreamWriterWrapper.send": {"executed_lines": [], "summary": {"covered_lines": 0, "num_statements": 2, "percent_covered": 0.0, "percent_covered_display": "0", "missing_lines": 2, "excluded_lines": 0}, "missing_lines": [1029, 1030], "excluded_lines": []}, "StreamWriterWrapper.aclose": {"executed_lines": [], "summary": {"covered_lines": 0, "num_statements": 2, "percent_covered": 0.0, "percent_covered_display": "0", "missing_lines": 2, "excluded_lines": 0}, "missing_lines": [1033, 1034], "excluded_lines": []}, "Process.aclose": {"executed_lines": [], "summary": {"covered_lines": 0, "num_statements": 15, "percent_covered": 0.0, "percent_covered_display": "0", "missing_lines": 15, "excluded_lines": 0}, "missing_lines": [1045, 1046, 1047, 1048, 1049, 1050, 1051, 1053, 1054, 1055, 1056, 1057, 1058, 1059, 1060], "excluded_lines": []}, "Process.wait": {"executed_lines": [], "summary": {"covered_lines": 0, "num_statements": 1, "percent_covered": 0.0, "percent_covered_display": "0", "missing_lines": 1, "excluded_lines": 0}, "missing_lines": [1063], "excluded_lines": []}, "Process.terminate": {"executed_lines": [], "summary": {"covered_lines": 0, "num_statements": 1, "percent_covered": 0.0, "percent_covered_display": "0", "missing_lines": 1, "excluded_lines": 0}, "missing_lines": [1066], "excluded_lines": []}, "Process.kill": {"executed_lines": [], "summary": {"covered_lines": 0, "num_statements": 1, "percent_covered": 0.0, "percent_covered_display": "0", "missing_lines": 1, "excluded_lines": 0}, "missing_lines": [1069], "excluded_lines": []}, "Process.send_signal": {"executed_lines": [], "summary": {"covered_lines": 0, "num_statements": 1, "percent_covered": 0.0, "percent_covered_display": "0", "missing_lines": 1, "excluded_lines": 0}, "missing_lines": [1072], "excluded_lines": []}, "Process.pid": {"executed_lines": [], "summary": {"covered_lines": 0, "num_statements": 1, "percent_covered": 0.0, "percent_covered_display": "0", "missing_lines": 1, "excluded_lines": 0}, "missing_lines": [1076], "excluded_lines": []}, "Process.returncode": {"executed_lines": [], "summary": {"covered_lines": 0, "num_statements": 1, "percent_covered": 0.0, "percent_covered_display": "0", "missing_lines": 1, "excluded_lines": 0}, "missing_lines": [1080], "excluded_lines": []}, "Process.stdin": {"executed_lines": [], "summary": {"covered_lines": 0, "num_statements": 1, "percent_covered": 0.0, "percent_covered_display": "0", "missing_lines": 1, "excluded_lines": 0}, "missing_lines": [1084], "excluded_lines": []}, "Process.stdout": {"executed_lines": [], "summary": {"covered_lines": 0, "num_statements": 1, "percent_covered": 0.0, "percent_covered_display": "0", "missing_lines": 1, "excluded_lines": 0}, "missing_lines": [1088], "excluded_lines": []}, "Process.stderr": {"executed_lines": [], "summary": {"covered_lines": 0, "num_statements": 1, "percent_covered": 0.0, "percent_covered_display": "0", "missing_lines": 1, "excluded_lines": 0}, "missing_lines": [1092], "excluded_lines": []}, "_forcibly_shutdown_process_pool_on_exit": {"executed_lines": [], "summary": {"covered_lines": 0, "num_statements": 15, "percent_covered": 0.0, "percent_covered_display": "0", "missing_lines": 15, "excluded_lines": 0}, "missing_lines": [1098, 1099, 1100, 1101, 1102, 1103, 1106, 1107, 1108, 1110, 1111, 1112, 1113, 1114, 1115], "excluded_lines": []}, "_shutdown_process_pool_on_exit": {"executed_lines": [], "summary": {"covered_lines": 0, "num_statements": 8, "percent_covered": 0.0, "percent_covered_display": "0", "missing_lines": 8, "excluded_lines": 0}, "missing_lines": [1127, 1128, 1129, 1130, 1131, 1132, 1134, 1135], "excluded_lines": []}, "StreamProtocol.connection_made": {"executed_lines": [], "summary": {"covered_lines": 0, "num_statements": 5, "percent_covered": 0.0, "percent_covered_display": "0", "missing_lines": 5, "excluded_lines": 0}, "missing_lines": [1151, 1152, 1153, 1154, 1155], "excluded_lines": []}, "StreamProtocol.connection_lost": {"executed_lines": [], "summary": {"covered_lines": 0, "num_statements": 5, "percent_covered": 0.0, "percent_covered_display": "0", "missing_lines": 5, "excluded_lines": 0}, "missing_lines": [1158, 1159, 1160, 1162, 1163], "excluded_lines": []}, "StreamProtocol.data_received": {"executed_lines": [], "summary": {"covered_lines": 0, "num_statements": 2, "percent_covered": 0.0, "percent_covered_display": "0", "missing_lines": 2, "excluded_lines": 0}, "missing_lines": [1167, 1168], "excluded_lines": []}, "StreamProtocol.eof_received": {"executed_lines": [], "summary": {"covered_lines": 0, "num_statements": 3, "percent_covered": 0.0, "percent_covered_display": "0", "missing_lines": 3, "excluded_lines": 0}, "missing_lines": [1171, 1172, 1173], "excluded_lines": []}, "StreamProtocol.pause_writing": {"executed_lines": [], "summary": {"covered_lines": 0, "num_statements": 1, "percent_covered": 0.0, "percent_covered_display": "0", "missing_lines": 1, "excluded_lines": 0}, "missing_lines": [1176], "excluded_lines": []}, "StreamProtocol.resume_writing": {"executed_lines": [], "summary": {"covered_lines": 0, "num_statements": 1, "percent_covered": 0.0, "percent_covered_display": "0", "missing_lines": 1, "excluded_lines": 0}, "missing_lines": [1179], "excluded_lines": []}, "DatagramProtocol.connection_made": {"executed_lines": [], "summary": {"covered_lines": 0, "num_statements": 4, "percent_covered": 0.0, "percent_covered_display": "0", "missing_lines": 4, "excluded_lines": 0}, "missing_lines": [1189, 1190, 1191, 1192], "excluded_lines": []}, "DatagramProtocol.connection_lost": {"executed_lines": [], "summary": {"covered_lines": 0, "num_statements": 2, "percent_covered": 0.0, "percent_covered_display": "0", "missing_lines": 2, "excluded_lines": 0}, "missing_lines": [1195, 1196], "excluded_lines": []}, "DatagramProtocol.datagram_received": {"executed_lines": [], "summary": {"covered_lines": 0, "num_statements": 3, "percent_covered": 0.0, "percent_covered_display": "0", "missing_lines": 3, "excluded_lines": 0}, "missing_lines": [1199, 1200, 1201], "excluded_lines": []}, "DatagramProtocol.error_received": {"executed_lines": [], "summary": {"covered_lines": 0, "num_statements": 1, "percent_covered": 0.0, "percent_covered_display": "0", "missing_lines": 1, "excluded_lines": 0}, "missing_lines": [1204], "excluded_lines": []}, "DatagramProtocol.pause_writing": {"executed_lines": [], "summary": {"covered_lines": 0, "num_statements": 1, "percent_covered": 0.0, "percent_covered_display": "0", "missing_lines": 1, "excluded_lines": 0}, "missing_lines": [1207], "excluded_lines": []}, "DatagramProtocol.resume_writing": {"executed_lines": [], "summary": {"covered_lines": 0, "num_statements": 1, "percent_covered": 0.0, "percent_covered_display": "0", "missing_lines": 1, "excluded_lines": 0}, "missing_lines": [1210], "excluded_lines": []}, "SocketStream.__init__": {"executed_lines": [], "summary": {"covered_lines": 0, "num_statements": 5, "percent_covered": 0.0, "percent_covered_display": "0", "missing_lines": 5, "excluded_lines": 0}, "missing_lines": [1215, 1216, 1217, 1218, 1219], "excluded_lines": []}, "SocketStream._raw_socket": {"executed_lines": [], "summary": {"covered_lines": 0, "num_statements": 1, "percent_covered": 0.0, "percent_covered_display": "0", "missing_lines": 1, "excluded_lines": 0}, "missing_lines": [1223], "excluded_lines": []}, "SocketStream.receive": {"executed_lines": [], "summary": {"covered_lines": 0, "num_statements": 20, "percent_covered": 0.0, "percent_covered_display": "0", "missing_lines": 20, "excluded_lines": 0}, "missing_lines": [1226, 1227, 1232, 1233, 1234, 1236, 1238, 1239, 1240, 1241, 1242, 1243, 1244, 1246, 1248, 1250, 1251, 1255, 1256, 1258], "excluded_lines": []}, "SocketStream.send": {"executed_lines": [], "summary": {"covered_lines": 0, "num_statements": 13, "percent_covered": 0.0, "percent_covered_display": "0", "missing_lines": 13, "excluded_lines": 0}, "missing_lines": [1261, 1262, 1264, 1265, 1266, 1267, 1269, 1270, 1271, 1272, 1273, 1275, 1277], "excluded_lines": []}, "SocketStream.send_eof": {"executed_lines": [], "summary": {"covered_lines": 0, "num_statements": 4, "percent_covered": 0.0, "percent_covered_display": "0", "missing_lines": 4, "excluded_lines": 0}, "missing_lines": [1280, 1281, 1282, 1283], "excluded_lines": []}, "SocketStream.aclose": {"executed_lines": [], "summary": {"covered_lines": 0, "num_statements": 9, "percent_covered": 0.0, "percent_covered_display": "0", "missing_lines": 9, "excluded_lines": 0}, "missing_lines": [1286, 1287, 1288, 1289, 1290, 1291, 1293, 1294, 1295], "excluded_lines": []}, "_RawSocketMixin.__init__": {"executed_lines": [], "summary": {"covered_lines": 0, "num_statements": 3, "percent_covered": 0.0, "percent_covered_display": "0", "missing_lines": 3, "excluded_lines": 0}, "missing_lines": [1304, 1305, 1306], "excluded_lines": []}, "_RawSocketMixin._raw_socket": {"executed_lines": [], "summary": {"covered_lines": 0, "num_statements": 1, "percent_covered": 0.0, "percent_covered_display": "0", "missing_lines": 1, "excluded_lines": 0}, "missing_lines": [1310], "excluded_lines": []}, "_RawSocketMixin._wait_until_readable": {"executed_lines": [], "summary": {"covered_lines": 0, "num_statements": 5, "percent_covered": 0.0, "percent_covered_display": "0", "missing_lines": 5, "excluded_lines": 0}, "missing_lines": [1313, 1317, 1318, 1319, 1320], "excluded_lines": []}, "_RawSocketMixin._wait_until_readable.callback": {"executed_lines": [], "summary": {"covered_lines": 0, "num_statements": 2, "percent_covered": 0.0, "percent_covered_display": "0", "missing_lines": 2, "excluded_lines": 0}, "missing_lines": [1314, 1315], "excluded_lines": []}, "_RawSocketMixin._wait_until_writable": {"executed_lines": [], "summary": {"covered_lines": 0, "num_statements": 5, "percent_covered": 0.0, "percent_covered_display": "0", "missing_lines": 5, "excluded_lines": 0}, "missing_lines": [1323, 1327, 1328, 1329, 1330], "excluded_lines": []}, "_RawSocketMixin._wait_until_writable.callback": {"executed_lines": [], "summary": {"covered_lines": 0, "num_statements": 2, "percent_covered": 0.0, "percent_covered_display": "0", "missing_lines": 2, "excluded_lines": 0}, "missing_lines": [1324, 1325], "excluded_lines": []}, "_RawSocketMixin.aclose": {"executed_lines": [], "summary": {"covered_lines": 0, "num_statements": 8, "percent_covered": 0.0, "percent_covered_display": "0", "missing_lines": 8, "excluded_lines": 0}, "missing_lines": [1333, 1334, 1335, 1336, 1338, 1339, 1340, 1341], "excluded_lines": []}, "UNIXSocketStream.send_eof": {"executed_lines": [], "summary": {"covered_lines": 0, "num_statements": 2, "percent_covered": 0.0, "percent_covered_display": "0", "missing_lines": 2, "excluded_lines": 0}, "missing_lines": [1346, 1347], "excluded_lines": []}, "UNIXSocketStream.receive": {"executed_lines": [], "summary": {"covered_lines": 0, "num_statements": 15, "percent_covered": 0.0, "percent_covered_display": "0", "missing_lines": 15, "excluded_lines": 0}, "missing_lines": [1350, 1351, 1352, 1353, 1354, 1355, 1356, 1357, 1358, 1359, 1360, 1362, 1364, 1365, 1367], "excluded_lines": []}, "UNIXSocketStream.send": {"executed_lines": [], "summary": {"covered_lines": 0, "num_statements": 14, "percent_covered": 0.0, "percent_covered_display": "0", "missing_lines": 14, "excluded_lines": 0}, "missing_lines": [1370, 1371, 1372, 1373, 1374, 1375, 1376, 1377, 1378, 1379, 1380, 1381, 1383, 1385], "excluded_lines": []}, "UNIXSocketStream.receive_fds": {"executed_lines": [], "summary": {"covered_lines": 0, "num_statements": 25, "percent_covered": 0.0, "percent_covered_display": "0", "missing_lines": 25, "excluded_lines": 0}, "missing_lines": [1388, 1389, 1390, 1391, 1393, 1394, 1395, 1396, 1397, 1398, 1399, 1402, 1403, 1404, 1405, 1406, 1408, 1410, 1411, 1413, 1415, 1416, 1417, 1422, 1424], "excluded_lines": []}, "UNIXSocketStream.send_fds": {"executed_lines": [], "summary": {"covered_lines": 0, "num_statements": 24, "percent_covered": 0.0, "percent_covered_display": "0", "missing_lines": 24, "excluded_lines": 0}, "missing_lines": [1427, 1428, 1429, 1430, 1432, 1433, 1434, 1435, 1436, 1437, 1438, 1440, 1441, 1442, 1443, 1444, 1447, 1450, 1451, 1452, 1453, 1454, 1455, 1457], "excluded_lines": []}, "TCPSocketListener.__init__": {"executed_lines": [], "summary": {"covered_lines": 0, "num_statements": 3, "percent_covered": 0.0, "percent_covered_display": "0", "missing_lines": 3, "excluded_lines": 0}, "missing_lines": [1465, 1466, 1467], "excluded_lines": []}, "TCPSocketListener._raw_socket": {"executed_lines": [], "summary": {"covered_lines": 0, "num_statements": 1, "percent_covered": 0.0, "percent_covered_display": "0", "missing_lines": 1, "excluded_lines": 0}, "missing_lines": [1471], "excluded_lines": []}, "TCPSocketListener.accept": {"executed_lines": [], "summary": {"covered_lines": 0, "num_statements": 19, "percent_covered": 0.0, "percent_covered_display": "0", "missing_lines": 19, "excluded_lines": 0}, "missing_lines": [1474, 1475, 1477, 1478, 1479, 1480, 1481, 1482, 1484, 1485, 1486, 1487, 1489, 1490, 1492, 1494, 1496, 1497, 1498], "excluded_lines": []}, "TCPSocketListener.aclose": {"executed_lines": [], "summary": {"covered_lines": 0, "num_statements": 11, "percent_covered": 0.0, "percent_covered_display": "0", "missing_lines": 11, "excluded_lines": 0}, "missing_lines": [1501, 1502, 1504, 1505, 1507, 1508, 1509, 1510, 1512, 1513, 1515], "excluded_lines": []}, "UNIXSocketListener.__init__": {"executed_lines": [], "summary": {"covered_lines": 0, "num_statements": 4, "percent_covered": 0.0, "percent_covered_display": "0", "missing_lines": 4, "excluded_lines": 0}, "missing_lines": [1520, 1521, 1522, 1523], "excluded_lines": []}, "UNIXSocketListener.accept": {"executed_lines": [], "summary": {"covered_lines": 0, "num_statements": 16, "percent_covered": 0.0, "percent_covered_display": "0", "missing_lines": 16, "excluded_lines": 0}, "missing_lines": [1526, 1527, 1528, 1529, 1530, 1531, 1532, 1533, 1534, 1535, 1536, 1537, 1538, 1539, 1540, 1542], "excluded_lines": []}, "UNIXSocketListener.aclose": {"executed_lines": [], "summary": {"covered_lines": 0, "num_statements": 2, "percent_covered": 0.0, "percent_covered_display": "0", "missing_lines": 2, "excluded_lines": 0}, "missing_lines": [1545, 1546], "excluded_lines": []}, "UNIXSocketListener._raw_socket": {"executed_lines": [], "summary": {"covered_lines": 0, "num_statements": 1, "percent_covered": 0.0, "percent_covered_display": "0", "missing_lines": 1, "excluded_lines": 0}, "missing_lines": [1550], "excluded_lines": []}, "UDPSocket.__init__": {"executed_lines": [], "summary": {"covered_lines": 0, "num_statements": 5, "percent_covered": 0.0, "percent_covered_display": "0", "missing_lines": 5, "excluded_lines": 0}, "missing_lines": [1555, 1556, 1557, 1558, 1559], "excluded_lines": []}, "UDPSocket._raw_socket": {"executed_lines": [], "summary": {"covered_lines": 0, "num_statements": 1, "percent_covered": 0.0, "percent_covered_display": "0", "missing_lines": 1, "excluded_lines": 0}, "missing_lines": [1563], "excluded_lines": []}, "UDPSocket.aclose": {"executed_lines": [], "summary": {"covered_lines": 0, "num_statements": 3, "percent_covered": 0.0, "percent_covered_display": "0", "missing_lines": 3, "excluded_lines": 0}, "missing_lines": [1566, 1567, 1568], "excluded_lines": []}, "UDPSocket.receive": {"executed_lines": [], "summary": {"covered_lines": 0, "num_statements": 11, "percent_covered": 0.0, "percent_covered_display": "0", "missing_lines": 11, "excluded_lines": 0}, "missing_lines": [1571, 1572, 1575, 1576, 1577, 1579, 1580, 1581, 1582, 1583, 1585], "excluded_lines": []}, "UDPSocket.send": {"executed_lines": [], "summary": {"covered_lines": 0, "num_statements": 8, "percent_covered": 0.0, "percent_covered_display": "0", "missing_lines": 8, "excluded_lines": 0}, "missing_lines": [1588, 1589, 1590, 1591, 1592, 1593, 1594, 1596], "excluded_lines": []}, "ConnectedUDPSocket.__init__": {"executed_lines": [], "summary": {"covered_lines": 0, "num_statements": 5, "percent_covered": 0.0, "percent_covered_display": "0", "missing_lines": 5, "excluded_lines": 0}, "missing_lines": [1601, 1602, 1603, 1604, 1605], "excluded_lines": []}, "ConnectedUDPSocket._raw_socket": {"executed_lines": [], "summary": {"covered_lines": 0, "num_statements": 1, "percent_covered": 0.0, "percent_covered_display": "0", "missing_lines": 1, "excluded_lines": 0}, "missing_lines": [1609], "excluded_lines": []}, "ConnectedUDPSocket.aclose": {"executed_lines": [], "summary": {"covered_lines": 0, "num_statements": 3, "percent_covered": 0.0, "percent_covered_display": "0", "missing_lines": 3, "excluded_lines": 0}, "missing_lines": [1612, 1613, 1614], "excluded_lines": []}, "ConnectedUDPSocket.receive": {"executed_lines": [], "summary": {"covered_lines": 0, "num_statements": 12, "percent_covered": 0.0, "percent_covered_display": "0", "missing_lines": 12, "excluded_lines": 0}, "missing_lines": [1617, 1618, 1621, 1622, 1623, 1625, 1626, 1627, 1628, 1629, 1631, 1633], "excluded_lines": []}, "ConnectedUDPSocket.send": {"executed_lines": [], "summary": {"covered_lines": 0, "num_statements": 8, "percent_covered": 0.0, "percent_covered_display": "0", "missing_lines": 8, "excluded_lines": 0}, "missing_lines": [1636, 1637, 1638, 1639, 1640, 1641, 1642, 1644], "excluded_lines": []}, "UNIXDatagramSocket.receive": {"executed_lines": [], "summary": {"covered_lines": 0, "num_statements": 13, "percent_covered": 0.0, "percent_covered_display": "0", "missing_lines": 13, "excluded_lines": 0}, "missing_lines": [1649, 1650, 1651, 1652, 1653, 1654, 1655, 1656, 1657, 1658, 1659, 1661, 1663], "excluded_lines": []}, "UNIXDatagramSocket.send": {"executed_lines": [], "summary": {"covered_lines": 0, "num_statements": 13, "percent_covered": 0.0, "percent_covered_display": "0", "missing_lines": 13, "excluded_lines": 0}, "missing_lines": [1666, 1667, 1668, 1669, 1670, 1671, 1672, 1673, 1674, 1675, 1676, 1678, 1680], "excluded_lines": []}, "ConnectedUNIXDatagramSocket.receive": {"executed_lines": [], "summary": {"covered_lines": 0, "num_statements": 13, "percent_covered": 0.0, "percent_covered_display": "0", "missing_lines": 13, "excluded_lines": 0}, "missing_lines": [1685, 1686, 1687, 1688, 1689, 1690, 1691, 1692, 1693, 1694, 1695, 1697, 1699], "excluded_lines": []}, "ConnectedUNIXDatagramSocket.send": {"executed_lines": [], "summary": {"covered_lines": 0, "num_statements": 13, "percent_covered": 0.0, "percent_covered_display": "0", "missing_lines": 13, "excluded_lines": 0}, "missing_lines": [1702, 1703, 1704, 1705, 1706, 1707, 1708, 1709, 1710, 1711, 1712, 1714, 1716], "excluded_lines": []}, "Event.__new__": {"executed_lines": [1730], "summary": {"covered_lines": 1, "num_statements": 1, "percent_covered": 100.0, "percent_covered_display": "100", "missing_lines": 0, "excluded_lines": 0}, "missing_lines": [], "excluded_lines": []}, "Event.__init__": {"executed_lines": [1733], "summary": {"covered_lines": 1, "num_statements": 1, "percent_covered": 100.0, "percent_covered_display": "100", "missing_lines": 0, "excluded_lines": 0}, "missing_lines": [], "excluded_lines": []}, "Event.set": {"executed_lines": [1736], "summary": {"covered_lines": 1, "num_statements": 1, "percent_covered": 100.0, "percent_covered_display": "100", "missing_lines": 0, "excluded_lines": 0}, "missing_lines": [], "excluded_lines": []}, "Event.is_set": {"executed_lines": [1739], "summary": {"covered_lines": 1, "num_statements": 1, "percent_covered": 100.0, "percent_covered_display": "100", "missing_lines": 0, "excluded_lines": 0}, "missing_lines": [], "excluded_lines": []}, "Event.wait": {"executed_lines": [1742, 1745], "summary": {"covered_lines": 2, "num_statements": 3, "percent_covered": 66.66666666666667, "percent_covered_display": "67", "missing_lines": 1, "excluded_lines": 0}, "missing_lines": [1743], "excluded_lines": []}, "Event.statistics": {"executed_lines": [], "summary": {"covered_lines": 0, "num_statements": 1, "percent_covered": 0.0, "percent_covered_display": "0", "missing_lines": 1, "excluded_lines": 0}, "missing_lines": [1748], "excluded_lines": []}, "Lock.__new__": {"executed_lines": [], "summary": {"covered_lines": 0, "num_statements": 1, "percent_covered": 0.0, "percent_covered_display": "0", "missing_lines": 1, "excluded_lines": 0}, "missing_lines": [1753], "excluded_lines": []}, "Lock.__init__": {"executed_lines": [], "summary": {"covered_lines": 0, "num_statements": 3, "percent_covered": 0.0, "percent_covered_display": "0", "missing_lines": 3, "excluded_lines": 0}, "missing_lines": [1756, 1757, 1758], "excluded_lines": []}, "Lock.acquire": {"executed_lines": [], "summary": {"covered_lines": 0, "num_statements": 24, "percent_covered": 0.0, "percent_covered_display": "0", "missing_lines": 24, "excluded_lines": 0}, "missing_lines": [1761, 1762, 1763, 1764, 1768, 1769, 1770, 1771, 1772, 1773, 1775, 1777, 1778, 1780, 1781, 1782, 1783, 1784, 1785, 1786, 1787, 1788, 1790, 1792], "excluded_lines": []}, "Lock.acquire_nowait": {"executed_lines": [], "summary": {"covered_lines": 0, "num_statements": 7, "percent_covered": 0.0, "percent_covered_display": "0", "missing_lines": 7, "excluded_lines": 0}, "missing_lines": [1795, 1796, 1797, 1798, 1800, 1801, 1803], "excluded_lines": []}, "Lock.locked": {"executed_lines": [], "summary": {"covered_lines": 0, "num_statements": 1, "percent_covered": 0.0, "percent_covered_display": "0", "missing_lines": 1, "excluded_lines": 0}, "missing_lines": [1806], "excluded_lines": []}, "Lock.release": {"executed_lines": [], "summary": {"covered_lines": 0, "num_statements": 8, "percent_covered": 0.0, "percent_covered_display": "0", "missing_lines": 8, "excluded_lines": 0}, "missing_lines": [1809, 1810, 1812, 1813, 1814, 1815, 1816, 1818], "excluded_lines": []}, "Lock.statistics": {"executed_lines": [], "summary": {"covered_lines": 0, "num_statements": 2, "percent_covered": 0.0, "percent_covered_display": "0", "missing_lines": 2, "excluded_lines": 0}, "missing_lines": [1821, 1822], "excluded_lines": []}, "Semaphore.__new__": {"executed_lines": [], "summary": {"covered_lines": 0, "num_statements": 1, "percent_covered": 0.0, "percent_covered_display": "0", "missing_lines": 1, "excluded_lines": 0}, "missing_lines": [1833], "excluded_lines": []}, "Semaphore.__init__": {"executed_lines": [], "summary": {"covered_lines": 0, "num_statements": 5, "percent_covered": 0.0, "percent_covered_display": "0", "missing_lines": 5, "excluded_lines": 0}, "missing_lines": [1842, 1843, 1844, 1845, 1846], "excluded_lines": []}, "Semaphore.acquire": {"executed_lines": [], "summary": {"covered_lines": 0, "num_statements": 20, "percent_covered": 0.0, "percent_covered_display": "0", "missing_lines": 20, "excluded_lines": 0}, "missing_lines": [1849, 1850, 1851, 1855, 1856, 1857, 1858, 1859, 1860, 1862, 1864, 1865, 1866, 1867, 1868, 1869, 1870, 1871, 1872, 1874], "excluded_lines": []}, "Semaphore.acquire_nowait": {"executed_lines": [], "summary": {"covered_lines": 0, "num_statements": 3, "percent_covered": 0.0, "percent_covered_display": "0", "missing_lines": 3, "excluded_lines": 0}, "missing_lines": [1877, 1878, 1880], "excluded_lines": []}, "Semaphore.release": {"executed_lines": [], "summary": {"covered_lines": 0, "num_statements": 8, "percent_covered": 0.0, "percent_covered_display": "0", "missing_lines": 8, "excluded_lines": 0}, "missing_lines": [1883, 1884, 1886, 1887, 1888, 1889, 1890, 1892], "excluded_lines": []}, "Semaphore.value": {"executed_lines": [], "summary": {"covered_lines": 0, "num_statements": 1, "percent_covered": 0.0, "percent_covered_display": "0", "missing_lines": 1, "excluded_lines": 0}, "missing_lines": [1896], "excluded_lines": []}, "Semaphore.max_value": {"executed_lines": [], "summary": {"covered_lines": 0, "num_statements": 1, "percent_covered": 0.0, "percent_covered_display": "0", "missing_lines": 1, "excluded_lines": 0}, "missing_lines": [1900], "excluded_lines": []}, "Semaphore.statistics": {"executed_lines": [], "summary": {"covered_lines": 0, "num_statements": 1, "percent_covered": 0.0, "percent_covered_display": "0", "missing_lines": 1, "excluded_lines": 0}, "missing_lines": [1903], "excluded_lines": []}, "CapacityLimiter.__new__": {"executed_lines": [1910], "summary": {"covered_lines": 1, "num_statements": 1, "percent_covered": 100.0, "percent_covered_display": "100", "missing_lines": 0, "excluded_lines": 0}, "missing_lines": [], "excluded_lines": []}, "CapacityLimiter.__init__": {"executed_lines": [1913, 1914, 1915], "summary": {"covered_lines": 3, "num_statements": 3, "percent_covered": 100.0, "percent_covered_display": "100", "missing_lines": 0, "excluded_lines": 0}, "missing_lines": [], "excluded_lines": []}, "CapacityLimiter.__aenter__": {"executed_lines": [1918], "summary": {"covered_lines": 1, "num_statements": 1, "percent_covered": 100.0, "percent_covered_display": "100", "missing_lines": 0, "excluded_lines": 0}, "missing_lines": [], "excluded_lines": []}, "CapacityLimiter.__aexit__": {"executed_lines": [1926], "summary": {"covered_lines": 1, "num_statements": 1, "percent_covered": 100.0, "percent_covered_display": "100", "missing_lines": 0, "excluded_lines": 0}, "missing_lines": [], "excluded_lines": []}, "CapacityLimiter.total_tokens": {"executed_lines": [1934, 1936, 1939, 1940, 1943], "summary": {"covered_lines": 5, "num_statements": 10, "percent_covered": 50.0, "percent_covered_display": "50", "missing_lines": 5, "excluded_lines": 0}, "missing_lines": [1935, 1937, 1944, 1945, 1946], "excluded_lines": []}, "CapacityLimiter.borrowed_tokens": {"executed_lines": [], "summary": {"covered_lines": 0, "num_statements": 1, "percent_covered": 0.0, "percent_covered_display": "0", "missing_lines": 1, "excluded_lines": 0}, "missing_lines": [1950], "excluded_lines": []}, "CapacityLimiter.available_tokens": {"executed_lines": [], "summary": {"covered_lines": 0, "num_statements": 1, "percent_covered": 0.0, "percent_covered_display": "0", "missing_lines": 1, "excluded_lines": 0}, "missing_lines": [1954], "excluded_lines": []}, "CapacityLimiter._notify_next_waiter": {"executed_lines": [1958], "summary": {"covered_lines": 1, "num_statements": 3, "percent_covered": 33.333333333333336, "percent_covered_display": "33", "missing_lines": 2, "excluded_lines": 0}, "missing_lines": [1959, 1960], "excluded_lines": []}, "CapacityLimiter.acquire_nowait": {"executed_lines": [], "summary": {"covered_lines": 0, "num_statements": 1, "percent_covered": 0.0, "percent_covered_display": "0", "missing_lines": 1, "excluded_lines": 0}, "missing_lines": [1963], "excluded_lines": []}, "CapacityLimiter.acquire_on_behalf_of_nowait": {"executed_lines": [1966, 1971, 1974], "summary": {"covered_lines": 3, "num_statements": 5, "percent_covered": 60.0, "percent_covered_display": "60", "missing_lines": 2, "excluded_lines": 0}, "missing_lines": [1967, 1972], "excluded_lines": []}, "CapacityLimiter.acquire": {"executed_lines": [1977], "summary": {"covered_lines": 1, "num_statements": 1, "percent_covered": 100.0, "percent_covered_display": "100", "missing_lines": 0, "excluded_lines": 0}, "missing_lines": [], "excluded_lines": []}, "CapacityLimiter.acquire_on_behalf_of": {"executed_lines": [1980, 1981, 1982, 1997, 1998], "summary": {"covered_lines": 5, "num_statements": 19, "percent_covered": 26.31578947368421, "percent_covered_display": "26", "missing_lines": 14, "excluded_lines": 0}, "missing_lines": [1983, 1984, 1985, 1986, 1987, 1988, 1989, 1990, 1991, 1993, 1995, 1999, 2000, 2001], "excluded_lines": []}, "CapacityLimiter.release": {"executed_lines": [2004], "summary": {"covered_lines": 1, "num_statements": 1, "percent_covered": 100.0, "percent_covered_display": "100", "missing_lines": 0, "excluded_lines": 0}, "missing_lines": [], "excluded_lines": []}, "CapacityLimiter.release_on_behalf_of": {"executed_lines": [2007, 2008, 2014], "summary": {"covered_lines": 3, "num_statements": 5, "percent_covered": 60.0, "percent_covered_display": "60", "missing_lines": 2, "excluded_lines": 0}, "missing_lines": [2009, 2010], "excluded_lines": []}, "CapacityLimiter.statistics": {"executed_lines": [], "summary": {"covered_lines": 0, "num_statements": 1, "percent_covered": 0.0, "percent_covered_display": "0", "missing_lines": 1, "excluded_lines": 0}, "missing_lines": [2017], "excluded_lines": []}, "_SignalReceiver.__init__": {"executed_lines": [], "summary": {"covered_lines": 0, "num_statements": 5, "percent_covered": 0.0, "percent_covered_display": "0", "missing_lines": 5, "excluded_lines": 0}, "missing_lines": [2035, 2036, 2037, 2038, 2039], "excluded_lines": []}, "_SignalReceiver._deliver": {"executed_lines": [], "summary": {"covered_lines": 0, "num_statements": 3, "percent_covered": 0.0, "percent_covered_display": "0", "missing_lines": 3, "excluded_lines": 0}, "missing_lines": [2042, 2043, 2044], "excluded_lines": []}, "_SignalReceiver.__enter__": {"executed_lines": [], "summary": {"covered_lines": 0, "num_statements": 4, "percent_covered": 0.0, "percent_covered_display": "0", "missing_lines": 4, "excluded_lines": 0}, "missing_lines": [2047, 2048, 2049, 2051], "excluded_lines": []}, "_SignalReceiver.__exit__": {"executed_lines": [], "summary": {"covered_lines": 0, "num_statements": 2, "percent_covered": 0.0, "percent_covered_display": "0", "missing_lines": 2, "excluded_lines": 0}, "missing_lines": [2059, 2060], "excluded_lines": []}, "_SignalReceiver.__aiter__": {"executed_lines": [], "summary": {"covered_lines": 0, "num_statements": 1, "percent_covered": 0.0, "percent_covered_display": "0", "missing_lines": 1, "excluded_lines": 0}, "missing_lines": [2063], "excluded_lines": []}, "_SignalReceiver.__anext__": {"executed_lines": [], "summary": {"covered_lines": 0, "num_statements": 5, "percent_covered": 0.0, "percent_covered_display": "0", "missing_lines": 5, "excluded_lines": 0}, "missing_lines": [2066, 2067, 2068, 2069, 2071], "excluded_lines": []}, "AsyncIOTaskInfo.__init__": {"executed_lines": [2081, 2082, 2085, 2087, 2088, 2089, 2090], "summary": {"covered_lines": 7, "num_statements": 8, "percent_covered": 87.5, "percent_covered_display": "88", "missing_lines": 1, "excluded_lines": 0}, "missing_lines": [2083], "excluded_lines": []}, "AsyncIOTaskInfo.has_pending_cancellation": {"executed_lines": [2093, 2097, 2099, 2105, 2106, 2107], "summary": {"covered_lines": 6, "num_statements": 10, "percent_covered": 60.0, "percent_covered_display": "60", "missing_lines": 4, "excluded_lines": 0}, "missing_lines": [2095, 2098, 2103, 2109], "excluded_lines": []}, "TestRunner.__init__": {"executed_lines": [], "summary": {"covered_lines": 0, "num_statements": 6, "percent_covered": 0.0, "percent_covered_display": "0", "missing_lines": 6, "excluded_lines": 0}, "missing_lines": [2122, 2123, 2125, 2127, 2128, 2129], "excluded_lines": []}, "TestRunner.__enter__": {"executed_lines": [], "summary": {"covered_lines": 0, "num_statements": 3, "percent_covered": 0.0, "percent_covered_display": "0", "missing_lines": 3, "excluded_lines": 0}, "missing_lines": [2132, 2133, 2134], "excluded_lines": []}, "TestRunner.__exit__": {"executed_lines": [], "summary": {"covered_lines": 0, "num_statements": 1, "percent_covered": 0.0, "percent_covered_display": "0", "missing_lines": 1, "excluded_lines": 0}, "missing_lines": [2142], "excluded_lines": []}, "TestRunner.get_loop": {"executed_lines": [], "summary": {"covered_lines": 0, "num_statements": 1, "percent_covered": 0.0, "percent_covered_display": "0", "missing_lines": 1, "excluded_lines": 0}, "missing_lines": [2145], "excluded_lines": []}, "TestRunner._exception_handler": {"executed_lines": [], "summary": {"covered_lines": 0, "num_statements": 3, "percent_covered": 0.0, "percent_covered_display": "0", "missing_lines": 3, "excluded_lines": 0}, "missing_lines": [2148, 2149, 2151], "excluded_lines": []}, "TestRunner._raise_async_exceptions": {"executed_lines": [], "summary": {"covered_lines": 0, "num_statements": 6, "percent_covered": 0.0, "percent_covered_display": "0", "missing_lines": 6, "excluded_lines": 0}, "missing_lines": [2155, 2156, 2157, 2158, 2159, 2160], "excluded_lines": []}, "TestRunner._run_tests_and_fixtures": {"executed_lines": [], "summary": {"covered_lines": 0, "num_statements": 16, "percent_covered": 0.0, "percent_covered_display": "0", "missing_lines": 16, "excluded_lines": 0}, "missing_lines": [2170, 2172, 2173, 2174, 2175, 2176, 2177, 2178, 2180, 2181, 2182, 2183, 2185, 2186, 2188, 2189], "excluded_lines": []}, "TestRunner._call_in_runner_task": {"executed_lines": [], "summary": {"covered_lines": 0, "num_statements": 7, "percent_covered": 0.0, "percent_covered_display": "0", "missing_lines": 7, "excluded_lines": 0}, "missing_lines": [2197, 2198, 2201, 2205, 2206, 2207, 2208], "excluded_lines": []}, "TestRunner.run_asyncgen_fixture": {"executed_lines": [], "summary": {"covered_lines": 0, "num_statements": 10, "percent_covered": 0.0, "percent_covered_display": "0", "missing_lines": 10, "excluded_lines": 0}, "missing_lines": [2215, 2216, 2219, 2221, 2223, 2224, 2225, 2226, 2228, 2229], "excluded_lines": []}, "TestRunner.run_fixture": {"executed_lines": [], "summary": {"covered_lines": 0, "num_statements": 3, "percent_covered": 0.0, "percent_covered_display": "0", "missing_lines": 3, "excluded_lines": 0}, "missing_lines": [2236, 2239, 2240], "excluded_lines": []}, "TestRunner.run_test": {"executed_lines": [], "summary": {"covered_lines": 0, "num_statements": 5, "percent_covered": 0.0, "percent_covered_display": "0", "missing_lines": 5, "excluded_lines": 0}, "missing_lines": [2245, 2246, 2247, 2248, 2250], "excluded_lines": []}, "AsyncIOBackend.run": {"executed_lines": [2263, 2273, 2274, 2275, 2280, 2281], "summary": {"covered_lines": 6, "num_statements": 8, "percent_covered": 75.0, "percent_covered_display": "75", "missing_lines": 2, "excluded_lines": 0}, "missing_lines": [2276, 2278], "excluded_lines": []}, "AsyncIOBackend.run.wrapper": {"executed_lines": [2264, 2265, 2266, 2268, 2269, 2271], "summary": {"covered_lines": 6, "num_statements": 6, "percent_covered": 100.0, "percent_covered_display": "100", "missing_lines": 0, "excluded_lines": 0}, "missing_lines": [], "excluded_lines": []}, "AsyncIOBackend.current_token": {"executed_lines": [2285], "summary": {"covered_lines": 1, "num_statements": 1, "percent_covered": 100.0, "percent_covered_display": "100", "missing_lines": 0, "excluded_lines": 0}, "missing_lines": [], "excluded_lines": []}, "AsyncIOBackend.current_time": {"executed_lines": [2289], "summary": {"covered_lines": 1, "num_statements": 1, "percent_covered": 100.0, "percent_covered_display": "100", "missing_lines": 0, "excluded_lines": 0}, "missing_lines": [], "excluded_lines": []}, "AsyncIOBackend.cancelled_exception_class": {"executed_lines": [2293], "summary": {"covered_lines": 1, "num_statements": 1, "percent_covered": 100.0, "percent_covered_display": "100", "missing_lines": 0, "excluded_lines": 0}, "missing_lines": [], "excluded_lines": []}, "AsyncIOBackend.checkpoint": {"executed_lines": [2297], "summary": {"covered_lines": 1, "num_statements": 1, "percent_covered": 100.0, "percent_covered_display": "100", "missing_lines": 0, "excluded_lines": 0}, "missing_lines": [], "excluded_lines": []}, "AsyncIOBackend.checkpoint_if_cancelled": {"executed_lines": [2301, 2302, 2305, 2306, 2310, 2311, 2313, 2316], "summary": {"covered_lines": 8, "num_statements": 13, "percent_covered": 61.53846153846154, "percent_covered_display": "62", "missing_lines": 5, "excluded_lines": 0}, "missing_lines": [2303, 2307, 2308, 2312, 2314], "excluded_lines": []}, "AsyncIOBackend.cancel_shielded_checkpoint": {"executed_lines": [2320, 2321], "summary": {"covered_lines": 2, "num_statements": 2, "percent_covered": 100.0, "percent_covered_display": "100", "missing_lines": 0, "excluded_lines": 0}, "missing_lines": [], "excluded_lines": []}, "AsyncIOBackend.sleep": {"executed_lines": [], "summary": {"covered_lines": 0, "num_statements": 1, "percent_covered": 0.0, "percent_covered_display": "0", "missing_lines": 1, "excluded_lines": 0}, "missing_lines": [2325], "excluded_lines": []}, "AsyncIOBackend.create_cancel_scope": {"executed_lines": [2331], "summary": {"covered_lines": 1, "num_statements": 1, "percent_covered": 100.0, "percent_covered_display": "100", "missing_lines": 0, "excluded_lines": 0}, "missing_lines": [], "excluded_lines": []}, "AsyncIOBackend.current_effective_deadline": {"executed_lines": [], "summary": {"covered_lines": 0, "num_statements": 16, "percent_covered": 0.0, "percent_covered_display": "0", "missing_lines": 16, "excluded_lines": 0}, "missing_lines": [2335, 2336, 2338, 2339, 2340, 2341, 2343, 2344, 2345, 2346, 2347, 2348, 2349, 2350, 2352, 2354], "excluded_lines": []}, "AsyncIOBackend.create_task_group": {"executed_lines": [2358], "summary": {"covered_lines": 1, "num_statements": 1, "percent_covered": 100.0, "percent_covered_display": "100", "missing_lines": 0, "excluded_lines": 0}, "missing_lines": [], "excluded_lines": []}, "AsyncIOBackend.create_event": {"executed_lines": [2362], "summary": {"covered_lines": 1, "num_statements": 1, "percent_covered": 100.0, "percent_covered_display": "100", "missing_lines": 0, "excluded_lines": 0}, "missing_lines": [], "excluded_lines": []}, "AsyncIOBackend.create_lock": {"executed_lines": [], "summary": {"covered_lines": 0, "num_statements": 1, "percent_covered": 0.0, "percent_covered_display": "0", "missing_lines": 1, "excluded_lines": 0}, "missing_lines": [2366], "excluded_lines": []}, "AsyncIOBackend.create_semaphore": {"executed_lines": [], "summary": {"covered_lines": 0, "num_statements": 1, "percent_covered": 0.0, "percent_covered_display": "0", "missing_lines": 1, "excluded_lines": 0}, "missing_lines": [2376], "excluded_lines": []}, "AsyncIOBackend.create_capacity_limiter": {"executed_lines": [], "summary": {"covered_lines": 0, "num_statements": 1, "percent_covered": 0.0, "percent_covered_display": "0", "missing_lines": 1, "excluded_lines": 0}, "missing_lines": [2380], "excluded_lines": []}, "AsyncIOBackend.run_sync_in_worker_thread": {"executed_lines": [2390, 2394, 2395, 2396, 2397, 2398, 2399, 2400, 2401, 2403, 2404, 2405, 2406, 2407, 2408, 2409, 2410, 2411, 2413, 2417, 2418, 2426, 2427, 2428, 2431, 2433, 2434], "summary": {"covered_lines": 27, "num_statements": 33, "percent_covered": 81.81818181818181, "percent_covered_display": "82", "missing_lines": 6, "excluded_lines": 0}, "missing_lines": [2419, 2420, 2422, 2423, 2424, 2429], "excluded_lines": []}, "AsyncIOBackend.check_cancelled": {"executed_lines": [], "summary": {"covered_lines": 0, "num_statements": 7, "percent_covered": 0.0, "percent_covered_display": "0", "missing_lines": 7, "excluded_lines": 0}, "missing_lines": [2438, 2439, 2440, 2441, 2443, 2444, 2446], "excluded_lines": []}, "AsyncIOBackend.run_async_from_thread": {"executed_lines": [], "summary": {"covered_lines": 0, "num_statements": 9, "percent_covered": 0.0, "percent_covered_display": "0", "missing_lines": 9, "excluded_lines": 0}, "missing_lines": [2455, 2469, 2470, 2471, 2473, 2474, 2475, 2476, 2479], "excluded_lines": []}, "AsyncIOBackend.run_async_from_thread.task_wrapper": {"executed_lines": [], "summary": {"covered_lines": 0, "num_statements": 11, "percent_covered": 0.0, "percent_covered_display": "0", "missing_lines": 11, "excluded_lines": 0}, "missing_lines": [2456, 2457, 2458, 2459, 2460, 2461, 2462, 2463, 2464, 2466, 2467], "excluded_lines": []}, "AsyncIOBackend.run_sync_from_thread": {"executed_lines": [2489, 2498, 2499, 2502, 2503, 2504], "summary": {"covered_lines": 6, "num_statements": 7, "percent_covered": 85.71428571428571, "percent_covered_display": "86", "missing_lines": 1, "excluded_lines": 0}, "missing_lines": [2500], "excluded_lines": []}, "AsyncIOBackend.run_sync_from_thread.wrapper": {"executed_lines": [2490, 2491, 2492], "summary": {"covered_lines": 3, "num_statements": 7, "percent_covered": 42.857142857142854, "percent_covered_display": "43", "missing_lines": 4, "excluded_lines": 0}, "missing_lines": [2493, 2494, 2495, 2496], "excluded_lines": []}, "AsyncIOBackend.create_blocking_portal": {"executed_lines": [2508], "summary": {"covered_lines": 1, "num_statements": 1, "percent_covered": 100.0, "percent_covered_display": "100", "missing_lines": 0, "excluded_lines": 0}, "missing_lines": [], "excluded_lines": []}, "AsyncIOBackend.open_process": {"executed_lines": [], "summary": {"covered_lines": 0, "num_statements": 10, "percent_covered": 0.0, "percent_covered_display": "0", "missing_lines": 10, "excluded_lines": 0}, "missing_lines": [2520, 2521, 2522, 2524, 2525, 2533, 2541, 2542, 2543, 2544], "excluded_lines": []}, "AsyncIOBackend.setup_process_pool_exit_at_shutdown": {"executed_lines": [], "summary": {"covered_lines": 0, "num_statements": 2, "percent_covered": 0.0, "percent_covered_display": "0", "missing_lines": 2, "excluded_lines": 0}, "missing_lines": [2548, 2552], "excluded_lines": []}, "AsyncIOBackend.connect_tcp": {"executed_lines": [], "summary": {"covered_lines": 0, "num_statements": 3, "percent_covered": 0.0, "percent_covered_display": "0", "missing_lines": 3, "excluded_lines": 0}, "missing_lines": [2560, 2566, 2567], "excluded_lines": []}, "AsyncIOBackend.connect_unix": {"executed_lines": [], "summary": {"covered_lines": 0, "num_statements": 16, "percent_covered": 0.0, "percent_covered_display": "0", "missing_lines": 16, "excluded_lines": 0}, "missing_lines": [2571, 2572, 2573, 2574, 2575, 2576, 2577, 2578, 2579, 2580, 2581, 2582, 2583, 2584, 2585, 2587], "excluded_lines": []}, "AsyncIOBackend.create_tcp_listener": {"executed_lines": [], "summary": {"covered_lines": 0, "num_statements": 1, "percent_covered": 0.0, "percent_covered_display": "0", "missing_lines": 1, "excluded_lines": 0}, "missing_lines": [2591], "excluded_lines": []}, "AsyncIOBackend.create_unix_listener": {"executed_lines": [], "summary": {"covered_lines": 0, "num_statements": 1, "percent_covered": 0.0, "percent_covered_display": "0", "missing_lines": 1, "excluded_lines": 0}, "missing_lines": [2595], "excluded_lines": []}, "AsyncIOBackend.create_udp_socket": {"executed_lines": [], "summary": {"covered_lines": 0, "num_statements": 7, "percent_covered": 0.0, "percent_covered_display": "0", "missing_lines": 7, "excluded_lines": 0}, "missing_lines": [2605, 2612, 2613, 2614, 2616, 2617, 2619], "excluded_lines": []}, "AsyncIOBackend.create_unix_datagram_socket": {"executed_lines": [], "summary": {"covered_lines": 0, "num_statements": 16, "percent_covered": 0.0, "percent_covered_display": "0", "missing_lines": 16, "excluded_lines": 0}, "missing_lines": [2625, 2626, 2628, 2629, 2630, 2631, 2632, 2633, 2634, 2635, 2636, 2637, 2638, 2639, 2641, 2643], "excluded_lines": []}, "AsyncIOBackend.getaddrinfo": {"executed_lines": [], "summary": {"covered_lines": 0, "num_statements": 1, "percent_covered": 0.0, "percent_covered_display": "0", "missing_lines": 1, "excluded_lines": 0}, "missing_lines": [2664], "excluded_lines": []}, "AsyncIOBackend.getnameinfo": {"executed_lines": [], "summary": {"covered_lines": 0, "num_statements": 1, "percent_covered": 0.0, "percent_covered_display": "0", "missing_lines": 1, "excluded_lines": 0}, "missing_lines": [2670], "excluded_lines": []}, "AsyncIOBackend.wait_readable": {"executed_lines": [], "summary": {"covered_lines": 0, "num_statements": 29, "percent_covered": 0.0, "percent_covered_display": "0", "missing_lines": 29, "excluded_lines": 0}, "missing_lines": [2674, 2675, 2676, 2677, 2678, 2680, 2681, 2682, 2684, 2685, 2687, 2700, 2701, 2702, 2703, 2705, 2706, 2707, 2709, 2711, 2712, 2713, 2715, 2716, 2717, 2718, 2720, 2722, 2723], "excluded_lines": []}, "AsyncIOBackend.wait_readable.cb": {"executed_lines": [], "summary": {"covered_lines": 0, "num_statements": 9, "percent_covered": 0.0, "percent_covered_display": "0", "missing_lines": 9, "excluded_lines": 0}, "missing_lines": [2688, 2689, 2690, 2691, 2693, 2695, 2696, 2697, 2698], "excluded_lines": []}, "AsyncIOBackend.wait_writable": {"executed_lines": [], "summary": {"covered_lines": 0, "num_statements": 29, "percent_covered": 0.0, "percent_covered_display": "0", "missing_lines": 29, "excluded_lines": 0}, "missing_lines": [2727, 2728, 2729, 2730, 2731, 2733, 2734, 2735, 2737, 2738, 2740, 2753, 2754, 2755, 2756, 2758, 2759, 2760, 2762, 2764, 2765, 2766, 2768, 2769, 2770, 2771, 2773, 2775, 2776], "excluded_lines": []}, "AsyncIOBackend.wait_writable.cb": {"executed_lines": [], "summary": {"covered_lines": 0, "num_statements": 9, "percent_covered": 0.0, "percent_covered_display": "0", "missing_lines": 9, "excluded_lines": 0}, "missing_lines": [2741, 2742, 2743, 2744, 2746, 2748, 2749, 2750, 2751], "excluded_lines": []}, "AsyncIOBackend.notify_closing": {"executed_lines": [], "summary": {"covered_lines": 0, "num_statements": 36, "percent_covered": 0.0, "percent_covered_display": "0", "missing_lines": 36, "excluded_lines": 0}, "missing_lines": [2780, 2781, 2783, 2784, 2785, 2786, 2788, 2789, 2790, 2791, 2793, 2794, 2795, 2796, 2798, 2799, 2800, 2801, 2803, 2805, 2806, 2807, 2808, 2810, 2811, 2812, 2813, 2815, 2816, 2817, 2818, 2820, 2821, 2822, 2823, 2825], "excluded_lines": []}, "AsyncIOBackend.wrap_listener_socket": {"executed_lines": [], "summary": {"covered_lines": 0, "num_statements": 1, "percent_covered": 0.0, "percent_covered_display": "0", "missing_lines": 1, "excluded_lines": 0}, "missing_lines": [2829], "excluded_lines": []}, "AsyncIOBackend.wrap_stream_socket": {"executed_lines": [], "summary": {"covered_lines": 0, "num_statements": 2, "percent_covered": 0.0, "percent_covered_display": "0", "missing_lines": 2, "excluded_lines": 0}, "missing_lines": [2833, 2834], "excluded_lines": []}, "AsyncIOBackend.wrap_unix_stream_socket": {"executed_lines": [], "summary": {"covered_lines": 0, "num_statements": 1, "percent_covered": 0.0, "percent_covered_display": "0", "missing_lines": 1, "excluded_lines": 0}, "missing_lines": [2838], "excluded_lines": []}, "AsyncIOBackend.wrap_udp_socket": {"executed_lines": [], "summary": {"covered_lines": 0, "num_statements": 2, "percent_covered": 0.0, "percent_covered_display": "0", "missing_lines": 2, "excluded_lines": 0}, "missing_lines": [2842, 2845], "excluded_lines": []}, "AsyncIOBackend.wrap_connected_udp_socket": {"executed_lines": [], "summary": {"covered_lines": 0, "num_statements": 2, "percent_covered": 0.0, "percent_covered_display": "0", "missing_lines": 2, "excluded_lines": 0}, "missing_lines": [2849, 2852], "excluded_lines": []}, "AsyncIOBackend.wrap_unix_datagram_socket": {"executed_lines": [], "summary": {"covered_lines": 0, "num_statements": 1, "percent_covered": 0.0, "percent_covered_display": "0", "missing_lines": 1, "excluded_lines": 0}, "missing_lines": [2856], "excluded_lines": []}, "AsyncIOBackend.wrap_connected_unix_datagram_socket": {"executed_lines": [], "summary": {"covered_lines": 0, "num_statements": 1, "percent_covered": 0.0, "percent_covered_display": "0", "missing_lines": 1, "excluded_lines": 0}, "missing_lines": [2862], "excluded_lines": []}, "AsyncIOBackend.current_default_thread_limiter": {"executed_lines": [2866, 2867, 2868, 2869, 2870, 2871], "summary": {"covered_lines": 6, "num_statements": 6, "percent_covered": 100.0, "percent_covered_display": "100", "missing_lines": 0, "excluded_lines": 0}, "missing_lines": [], "excluded_lines": []}, "AsyncIOBackend.open_signal_receiver": {"executed_lines": [], "summary": {"covered_lines": 0, "num_statements": 1, "percent_covered": 0.0, "percent_covered_display": "0", "missing_lines": 1, "excluded_lines": 0}, "missing_lines": [2877], "excluded_lines": []}, "AsyncIOBackend.get_current_task": {"executed_lines": [2881], "summary": {"covered_lines": 1, "num_statements": 1, "percent_covered": 100.0, "percent_covered_display": "100", "missing_lines": 0, "excluded_lines": 0}, "missing_lines": [], "excluded_lines": []}, "AsyncIOBackend.get_running_tasks": {"executed_lines": [], "summary": {"covered_lines": 0, "num_statements": 1, "percent_covered": 0.0, "percent_covered_display": "0", "missing_lines": 1, "excluded_lines": 0}, "missing_lines": [2885], "excluded_lines": []}, "AsyncIOBackend.wait_all_tasks_blocked": {"executed_lines": [], "summary": {"covered_lines": 0, "num_statements": 11, "percent_covered": 0.0, "percent_covered_display": "0", "missing_lines": 11, "excluded_lines": 0}, "missing_lines": [2889, 2890, 2891, 2892, 2893, 2894, 2896, 2897, 2898, 2899, 2901], "excluded_lines": []}, "AsyncIOBackend.create_test_runner": {"executed_lines": [], "summary": {"covered_lines": 0, "num_statements": 1, "percent_covered": 0.0, "percent_covered_display": "0", "missing_lines": 1, "excluded_lines": 0}, "missing_lines": [2905], "excluded_lines": []}, "": {"executed_lines": [1, 3, 4, 5, 6, 7, 8, 9, 10, 11, 12, 13, 22, 23, 24, 34, 35, 36, 37, 38, 39, 45, 46, 47, 48, 49, 50, 51, 52, 60, 62, 64, 71, 72, 81, 82, 83, 86, 87, 88, 92, 93, 94, 101, 102, 103, 105, 108, 110, 111, 115, 116, 117, 299, 300, 301, 302, 304, 307, 335, 345, 348, 366, 385, 386, 389, 407, 436, 507, 508, 521, 522, 529, 537, 580, 599, 616, 617, 620, 621, 630, 631, 634, 635, 638, 639, 642, 643, 655, 656, 661, 663, 668, 676, 677, 681, 692, 695, 698, 699, 706, 711, 774, 862, 870, 895, 898, 899, 901, 918, 936, 966, 976, 977, 980, 981, 984, 988, 1008, 1009, 1010, 1012, 1019, 1024, 1025, 1026, 1028, 1032, 1037, 1038, 1039, 1040, 1041, 1042, 1044, 1062, 1065, 1068, 1071, 1074, 1075, 1078, 1079, 1082, 1083, 1086, 1087, 1090, 1091, 1095, 1118, 1143, 1144, 1145, 1146, 1147, 1148, 1150, 1157, 1165, 1170, 1175, 1178, 1182, 1183, 1184, 1185, 1186, 1188, 1194, 1198, 1203, 1206, 1209, 1213, 1214, 1221, 1222, 1225, 1260, 1279, 1285, 1298, 1299, 1300, 1301, 1303, 1308, 1309, 1312, 1322, 1332, 1344, 1345, 1349, 1369, 1387, 1426, 1460, 1461, 1462, 1464, 1469, 1470, 1473, 1500, 1518, 1519, 1525, 1544, 1548, 1549, 1553, 1554, 1561, 1562, 1565, 1570, 1587, 1599, 1600, 1607, 1608, 1611, 1616, 1635, 1647, 1648, 1665, 1683, 1684, 1701, 1719, 1720, 1728, 1729, 1732, 1735, 1738, 1741, 1747, 1751, 1752, 1755, 1760, 1794, 1805, 1808, 1820, 1825, 1826, 1835, 1848, 1876, 1882, 1894, 1895, 1898, 1899, 1902, 1906, 1907, 1909, 1912, 1917, 1920, 1928, 1929, 1932, 1933, 1948, 1949, 1952, 1953, 1956, 1962, 1965, 1976, 1979, 2003, 2006, 2016, 2025, 2033, 2034, 2041, 2046, 2053, 2062, 2065, 2079, 2080, 2092, 2112, 2113, 2115, 2131, 2136, 2144, 2147, 2153, 2164, 2191, 2210, 2231, 2242, 2253, 2254, 2255, 2262, 2283, 2284, 2287, 2288, 2291, 2292, 2295, 2296, 2299, 2300, 2318, 2319, 2323, 2324, 2327, 2328, 2333, 2334, 2356, 2357, 2360, 2361, 2364, 2365, 2368, 2369, 2378, 2379, 2382, 2383, 2436, 2437, 2448, 2449, 2481, 2482, 2488, 2506, 2507, 2510, 2511, 2546, 2547, 2556, 2557, 2569, 2570, 2589, 2590, 2593, 2594, 2597, 2598, 2621, 2622, 2645, 2646, 2668, 2669, 2672, 2673, 2725, 2726, 2778, 2779, 2827, 2828, 2831, 2832, 2836, 2837, 2840, 2841, 2847, 2848, 2854, 2855, 2858, 2859, 2864, 2865, 2873, 2874, 2879, 2880, 2883, 2884, 2887, 2888, 2903, 2904, 2908], "summary": {"covered_lines": 401, "num_statements": 523, "percent_covered": 76.67304015296367, "percent_covered_display": "77", "missing_lines": 122, "excluded_lines": 0}, "missing_lines": [106, 113, 119, 120, 121, 122, 124, 125, 127, 128, 129, 130, 132, 134, 140, 141, 142, 143, 144, 145, 146, 148, 149, 150, 152, 158, 160, 162, 163, 164, 165, 166, 167, 168, 169, 171, 173, 174, 175, 176, 177, 179, 181, 182, 184, 186, 187, 189, 191, 193, 195, 196, 197, 199, 203, 204, 205, 206, 210, 212, 214, 215, 216, 217, 218, 219, 220, 221, 222, 224, 225, 227, 228, 229, 230, 231, 232, 233, 234, 237, 238, 240, 241, 242, 243, 244, 246, 247, 248, 249, 251, 252, 253, 255, 256, 257, 258, 260, 261, 263, 265, 266, 267, 268, 269, 277, 280, 281, 282, 283, 284, 285, 287, 288, 289, 290, 291, 292, 293, 294, 296, 693], "excluded_lines": []}}, "classes": {"CancelScope": {"executed_lines": [387, 390, 391, 392, 393, 394, 395, 396, 397, 398, 399, 400, 401, 402, 403, 408, 411, 412, 413, 414, 419, 420, 421, 424, 425, 427, 428, 431, 434, 442, 444, 446, 451, 452, 453, 459, 460, 461, 465, 466, 467, 468, 470, 474, 479, 481, 482, 483, 486, 487, 488, 489, 490, 494, 496, 502, 504, 505, 509, 510, 511, 512, 514, 517, 519, 523, 530, 548, 549, 550, 551, 552, 556, 557, 558, 559, 560, 561, 565, 566, 567, 570, 571, 572, 576, 578, 585, 586, 587, 588, 589, 591, 594, 597, 600, 601, 605, 606, 607, 608, 610, 613, 614, 632, 640, 644, 645, 646], "summary": {"covered_lines": 108, "num_statements": 143, "percent_covered": 75.52447552447552, "percent_covered_display": "76", "missing_lines": 35, "excluded_lines": 0}, "missing_lines": [405, 409, 415, 416, 417, 432, 445, 447, 454, 462, 463, 492, 497, 498, 499, 500, 515, 531, 532, 533, 535, 553, 595, 602, 603, 611, 618, 622, 623, 624, 625, 627, 628, 636, 647], "excluded_lines": []}, "TaskState": {"executed_lines": [664, 665], "summary": {"covered_lines": 2, "num_statements": 2, "percent_covered": 100.0, "percent_covered_display": "100", "missing_lines": 0, "excluded_lines": 0}, "missing_lines": [], "excluded_lines": []}, "_AsyncioTaskStatus": {"executed_lines": [], "summary": {"covered_lines": 0, "num_statements": 9, "percent_covered": 0.0, "percent_covered_display": "0", "missing_lines": 9, "excluded_lines": 0}, "missing_lines": [678, 679, 682, 683, 684, 685, 686, 688, 689], "excluded_lines": []}, "TaskGroup": {"executed_lines": [700, 701, 702, 703, 704, 707, 708, 709, 717, 718, 723, 724, 725, 726, 727, 728, 730, 731, 732, 735, 736, 741, 745, 747, 751, 753, 754, 762, 763, 764, 765, 766, 770, 772, 781, 782, 783, 784, 785, 786, 787, 789, 790, 791, 792, 793, 795, 796, 797, 798, 801, 803, 807, 810, 811, 814, 818, 823, 826, 827, 833, 835, 836, 843, 844, 845, 853, 856, 857, 858, 859, 860, 868], "summary": {"covered_lines": 73, "num_statements": 100, "percent_covered": 73.0, "percent_covered_display": "73", "missing_lines": 27, "excluded_lines": 0}, "missing_lines": [719, 720, 721, 759, 768, 799, 808, 812, 815, 817, 819, 824, 828, 829, 837, 838, 850, 851, 873, 874, 880, 881, 882, 884, 885, 886, 888], "excluded_lines": []}, "WorkerThread": {"executed_lines": [907, 908, 909, 910, 911, 912, 915, 916, 921, 922, 923, 925, 926, 927, 932, 934, 937, 938, 939, 940, 942, 944, 945, 946, 947, 948, 949, 950, 951, 952, 954, 956, 957, 961, 963, 964, 967, 968, 969, 970, 971], "summary": {"covered_lines": 41, "num_statements": 46, "percent_covered": 89.1304347826087, "percent_covered_display": "89", "missing_lines": 5, "excluded_lines": 0}, "missing_lines": [928, 929, 930, 972, 973], "excluded_lines": []}, "BlockingPortal": {"executed_lines": [982, 985, 986, 996], "summary": {"covered_lines": 4, "num_statements": 4, "percent_covered": 100.0, "percent_covered_display": "100", "missing_lines": 0, "excluded_lines": 0}, "missing_lines": [], "excluded_lines": []}, "StreamReaderWrapper": {"executed_lines": [], "summary": {"covered_lines": 0, "num_statements": 6, "percent_covered": 0.0, "percent_covered_display": "0", "missing_lines": 6, "excluded_lines": 0}, "missing_lines": [1013, 1014, 1015, 1017, 1020, 1021], "excluded_lines": []}, "StreamWriterWrapper": {"executed_lines": [], "summary": {"covered_lines": 0, "num_statements": 4, "percent_covered": 0.0, "percent_covered_display": "0", "missing_lines": 4, "excluded_lines": 0}, "missing_lines": [1029, 1030, 1033, 1034], "excluded_lines": []}, "Process": {"executed_lines": [], "summary": {"covered_lines": 0, "num_statements": 24, "percent_covered": 0.0, "percent_covered_display": "0", "missing_lines": 24, "excluded_lines": 0}, "missing_lines": [1045, 1046, 1047, 1048, 1049, 1050, 1051, 1053, 1054, 1055, 1056, 1057, 1058, 1059, 1060, 1063, 1066, 1069, 1072, 1076, 1080, 1084, 1088, 1092], "excluded_lines": []}, "StreamProtocol": {"executed_lines": [], "summary": {"covered_lines": 0, "num_statements": 17, "percent_covered": 0.0, "percent_covered_display": "0", "missing_lines": 17, "excluded_lines": 0}, "missing_lines": [1151, 1152, 1153, 1154, 1155, 1158, 1159, 1160, 1162, 1163, 1167, 1168, 1171, 1172, 1173, 1176, 1179], "excluded_lines": []}, "DatagramProtocol": {"executed_lines": [], "summary": {"covered_lines": 0, "num_statements": 12, "percent_covered": 0.0, "percent_covered_display": "0", "missing_lines": 12, "excluded_lines": 0}, "missing_lines": [1189, 1190, 1191, 1192, 1195, 1196, 1199, 1200, 1201, 1204, 1207, 1210], "excluded_lines": []}, "SocketStream": {"executed_lines": [], "summary": {"covered_lines": 0, "num_statements": 52, "percent_covered": 0.0, "percent_covered_display": "0", "missing_lines": 52, "excluded_lines": 0}, "missing_lines": [1215, 1216, 1217, 1218, 1219, 1223, 1226, 1227, 1232, 1233, 1234, 1236, 1238, 1239, 1240, 1241, 1242, 1243, 1244, 1246, 1248, 1250, 1251, 1255, 1256, 1258, 1261, 1262, 1264, 1265, 1266, 1267, 1269, 1270, 1271, 1272, 1273, 1275, 1277, 1280, 1281, 1282, 1283, 1286, 1287, 1288, 1289, 1290, 1291, 1293, 1294, 1295], "excluded_lines": []}, "_RawSocketMixin": {"executed_lines": [], "summary": {"covered_lines": 0, "num_statements": 26, "percent_covered": 0.0, "percent_covered_display": "0", "missing_lines": 26, "excluded_lines": 0}, "missing_lines": [1304, 1305, 1306, 1310, 1313, 1314, 1315, 1317, 1318, 1319, 1320, 1323, 1324, 1325, 1327, 1328, 1329, 1330, 1333, 1334, 1335, 1336, 1338, 1339, 1340, 1341], "excluded_lines": []}, "UNIXSocketStream": {"executed_lines": [], "summary": {"covered_lines": 0, "num_statements": 80, "percent_covered": 0.0, "percent_covered_display": "0", "missing_lines": 80, "excluded_lines": 0}, "missing_lines"
[...]
nt_covered": 100.0, "percent_covered_display": "100", "missing_lines": 0, "excluded_lines": 0}, "missing_lines": [], "excluded_lines": []}}}, "tests/unit/test_tournament_points.py": {"executed_lines": [1, 3, 5, 8, 9, 11, 20, 28, 30, 31, 33, 35, 36, 38, 39, 40, 42, 44, 48, 50, 51, 52, 53, 54, 56, 58, 62, 64, 65, 66, 68, 70, 75, 77, 78, 79, 81, 83, 88, 90, 91, 92, 94, 96, 101, 103, 104, 105, 107, 109, 113, 115, 116, 117, 118, 120, 122, 127, 130, 131, 133, 135, 140, 142, 143, 145, 147, 152, 155, 156, 157, 159, 161, 166, 168, 169, 170, 172, 174, 178, 182, 183, 185, 187, 190, 192, 193, 194, 196, 198, 205, 207, 208, 209, 210, 211, 213, 214, 215, 216, 217], "summary": {"covered_lines": 99, "num_statements": 99, "percent_covered": 100.0, "percent_covered_display": "100", "missing_lines": 0, "excluded_lines": 0}, "missing_lines": [], "excluded_lines": [], "functions": {"TestTournamentPointsCalculation.create_result": {"executed_lines": [20], "summary": {"covered_lines": 1, "num_statements": 1, "percent_covered": 100.0, "percent_covered_display": "100", "missing_lines": 0, "excluded_lines": 0}, "missing_lines": [], "excluded_lines": []}, "TestTournamentPointsCalculation.test_empty_results_returns_empty_list": {"executed_lines": [30, 31], "summary": {"covered_lines": 2, "num_statements": 2, "percent_covered": 100.0, "percent_covered_display": "100", "missing_lines": 0, "excluded_lines": 0}, "missing_lines": [], "excluded_lines": []}, "TestTournamentPointsCalculation.test_single_member_with_fish_gets_100_points": {"executed_lines": [35, 36, 38, 39, 40], "summary": {"covered_lines": 5, "num_statements": 5, "percent_covered": 100.0, "percent_covered_display": "100", "missing_lines": 0, "excluded_lines": 0}, "missing_lines": [], "excluded_lines": []}, "TestTournamentPointsCalculation.test_two_members_sequential_points": {"executed_lines": [44, 48, 50, 51, 52, 53, 54], "summary": {"covered_lines": 7, "num_statements": 7, "percent_covered": 100.0, "percent_covered_display": "100", "missing_lines": 0, "excluded_lines": 0}, "missing_lines": [], "excluded_lines": []}, "TestTournamentPointsCalculation.test_guest_gets_zero_points": {"executed_lines": [58, 62, 64, 65, 66], "summary": {"covered_lines": 5, "num_statements": 5, "percent_covered": 100.0, "percent_covered_display": "100", "missing_lines": 0, "excluded_lines": 0}, "missing_lines": [], "excluded_lines": []}, "TestTournamentPointsCalculation.test_member_after_guest_gets_correct_points": {"executed_lines": [70, 75, 77, 78, 79], "summary": {"covered_lines": 5, "num_statements": 5, "percent_covered": 100.0, "percent_covered_display": "100", "missing_lines": 0, "excluded_lines": 0}, "missing_lines": [], "excluded_lines": []}, "TestTournamentPointsCalculation.test_member_zero_weight_gets_minus_two_points": {"executed_lines": [83, 88, 90, 91, 92], "summary": {"covered_lines": 5, "num_statements": 5, "percent_covered": 100.0, "percent_covered_display": "100", "missing_lines": 0, "excluded_lines": 0}, "missing_lines": [], "excluded_lines": []}, "TestTournamentPointsCalculation.test_weight_tie_same_place": {"executed_lines": [96, 101, 103, 104, 105], "summary": {"covered_lines": 5, "num_statements": 5, "percent_covered": 100.0, "percent_covered_display": "100", "missing_lines": 0, "excluded_lines": 0}, "missing_lines": [], "excluded_lines": []}, "TestTournamentPointsCalculation.test_weight_tie_broken_by_big_bass": {"executed_lines": [109, 113, 115, 116, 117, 118], "summary": {"covered_lines": 6, "num_statements": 6, "percent_covered": 100.0, "percent_covered_display": "100", "missing_lines": 0, "excluded_lines": 0}, "missing_lines": [], "excluded_lines": []}, "TestTournamentPointsCalculation.test_buy_in_placed_after_regular_results": {"executed_lines": [122, 127, 130, 131], "summary": {"covered_lines": 4, "num_statements": 4, "percent_covered": 100.0, "percent_covered_display": "100", "missing_lines": 0, "excluded_lines": 0}, "missing_lines": [], "excluded_lines": []}, "TestTournamentPointsCalculation.test_buy_in_gets_last_fish_points_minus_four": {"executed_lines": [135, 140, 142, 143], "summary": {"covered_lines": 4, "num_statements": 4, "percent_covered": 100.0, "percent_covered_display": "100", "missing_lines": 0, "excluded_lines": 0}, "missing_lines": [], "excluded_lines": []}, "TestTournamentPointsCalculation.test_disqualified_not_included": {"executed_lines": [147, 152, 155, 156, 157], "summary": {"covered_lines": 5, "num_statements": 5, "percent_covered": 100.0, "percent_covered_display": "100", "missing_lines": 0, "excluded_lines": 0}, "missing_lines": [], "excluded_lines": []}, "TestTournamentPointsCalculation.test_sorting_by_weight_descending": {"executed_lines": [161, 166, 168, 169, 170], "summary": {"covered_lines": 5, "num_statements": 5, "percent_covered": 100.0, "percent_covered_display": "100", "missing_lines": 0, "excluded_lines": 0}, "missing_lines": [], "excluded_lines": []}, "TestTournamentPointsCalculation.test_all_zeros_member_edge_case": {"executed_lines": [174, 178, 182, 183], "summary": {"covered_lines": 4, "num_statements": 4, "percent_covered": 100.0, "percent_covered_display": "100", "missing_lines": 0, "excluded_lines": 0}, "missing_lines": [], "excluded_lines": []}, "TestTournamentPointsCalculation.test_buy_in_only_edge_case": {"executed_lines": [187, 190, 192, 193, 194], "summary": {"covered_lines": 5, "num_statements": 5, "percent_covered": 100.0, "percent_covered_display": "100", "missing_lines": 0, "excluded_lines": 0}, "missing_lines": [], "excluded_lines": []}, "TestTournamentPointsCalculation.test_complex_scenario_mixed_members_guests_zeros": {"executed_lines": [198, 205, 207, 208, 209, 210, 211, 213, 214, 215, 216, 217], "summary": {"covered_lines": 12, "num_statements": 12, "percent_covered": 100.0, "percent_covered_display": "100", "missing_lines": 0, "excluded_lines": 0}, "missing_lines": [], "excluded_lines": []}, "": {"executed_lines": [1, 3, 5, 8, 9, 11, 28, 33, 42, 56, 68, 81, 94, 107, 120, 133, 145, 159, 172, 185, 196], "summary": {"covered_lines": 19, "num_statements": 19, "percent_covered": 100.0, "percent_covered_display": "100", "missing_lines": 0, "excluded_lines": 0}, "missing_lines": [], "excluded_lines": []}}, "classes": {"TestTournamentPointsCalculation": {"executed_lines": [20, 30, 31, 35, 36, 38, 39, 40, 44, 48, 50, 51, 52, 53, 54, 58, 62, 64, 65, 66, 70, 75, 77, 78, 79, 83, 88, 90, 91, 92, 96, 101, 103, 104, 105, 109, 113, 115, 116, 117, 118, 122, 127, 130, 131, 135, 140, 142, 143, 147, 152, 155, 156, 157, 161, 166, 168, 169, 170, 174, 178, 182, 183, 187, 190, 192, 193, 194, 198, 205, 207, 208, 209, 210, 211, 213, 214, 215, 216, 217], "summary": {"covered_lines": 80, "num_statements": 80, "percent_covered": 100.0, "percent_covered_display": "100", "missing_lines": 0, "excluded_lines": 0}, "missing_lines": [], "excluded_lines": []}, "": {"executed_lines": [1, 3, 5, 8, 9, 11, 28, 33, 42, 56, 68, 81, 94, 107, 120, 133, 145, 159, 172, 185, 196], "summary": {"covered_lines": 19, "num_statements": 19, "percent_covered": 100.0, "percent_covered_display": "100", "missing_lines": 0, "excluded_lines": 0}, "missing_lines": [], "excluded_lines": []}}}, "tests/unit/test_vote_validation.py": {"executed_lines": [1, 3, 4, 5, 7, 14, 15, 17, 18, 20, 21, 22, 23, 25, 27, 29, 30, 32, 33, 34, 36, 38, 40, 41, 43, 44, 47, 48, 49, 50, 52, 54, 56, 57, 59, 60, 63, 64, 65, 66, 67, 68, 69, 71, 73, 75, 76, 78, 79, 82, 83, 84, 85, 86, 87, 88, 90, 92, 94, 95, 97, 98, 101, 102, 103, 104, 105, 106, 107, 109, 111, 113, 114, 116, 117, 120, 121, 122, 123, 124, 125, 126, 129, 132, 135, 136, 138, 139, 140, 141, 142, 150, 156, 157, 158, 159, 161, 163, 164, 165, 166, 167, 168, 170, 172, 174, 176, 177, 179, 181, 183, 185, 186, 188, 190, 192, 194, 195, 197, 199, 201, 203, 204, 206, 207, 209, 215, 217, 219, 220, 222, 223, 224, 225, 229, 235, 236, 237, 239, 241, 242, 244, 245, 246, 247, 251, 257, 258, 259, 261, 263, 264, 267, 268, 270, 271, 273, 276, 277, 278, 281, 282, 283, 284, 286, 287, 289, 291, 292, 294, 297, 298, 299, 300, 302, 303, 306, 307, 308, 310, 311, 313, 316, 317, 318, 319, 321, 322, 325, 326, 329, 330, 331, 333, 334, 336, 339, 340, 341, 342, 344, 350, 353, 354, 357, 358, 359], "summary": {"covered_lines": 203, "num_statements": 203, "percent_covered": 100.0, "percent_covered_display": "100", "missing_lines": 0, "excluded_lines": 0}, "missing_lines": [], "excluded_lines": [], "functions": {"TestValidatePollState.test_returns_error_for_nonexistent_poll": {"executed_lines": [20, 21, 22, 23, 25, 27], "summary": {"covered_lines": 6, "num_statements": 6, "percent_covered": 100.0, "percent_covered_display": "100", "missing_lines": 0, "excluded_lines": 0}, "missing_lines": [], "excluded_lines": []}, "TestValidatePollState.test_returns_error_when_already_voted": {"executed_lines": [32, 33, 34, 36, 38], "summary": {"covered_lines": 5, "num_statements": 5, "percent_covered": 100.0, "percent_covered_display": "100", "missing_lines": 0, "excluded_lines": 0}, "missing_lines": [], "excluded_lines": []}, "TestValidatePollState.test_returns_error_when_poll_closed": {"executed_lines": [43, 44, 47, 48, 49, 50, 52, 54], "summary": {"covered_lines": 8, "num_statements": 8, "percent_covered": 100.0, "percent_covered_display": "100", "missing_lines": 0, "excluded_lines": 0}, "missing_lines": [], "excluded_lines": []}, "TestValidatePollState.test_returns_error_when_poll_not_started": {"executed_lines": [59, 60, 63, 64, 65, 66, 67, 68, 69, 71, 73], "summary": {"covered_lines": 11, "num_statements": 11, "percent_covered": 100.0, "percent_covered_display": "100", "missing_lines": 0, "excluded_lines": 0}, "missing_lines": [], "excluded_lines": []}, "TestValidatePollState.test_returns_error_when_poll_ended": {"executed_lines": [78, 79, 82, 83, 84, 85, 86, 87, 88, 90, 92], "summary": {"covered_lines": 11, "num_statements": 11, "percent_covered": 100.0, "percent_covered_display": "100", "missing_lines": 0, "excluded_lines": 0}, "missing_lines": [], "excluded_lines": []}, "TestValidatePollState.test_returns_none_for_valid_poll": {"executed_lines": [97, 98, 101, 102, 103, 104, 105, 106, 107, 109, 111], "summary": {"covered_lines": 11, "num_statements": 11, "percent_covered": 100.0, "percent_covered_display": "100", "missing_lines": 0, "excluded_lines": 0}, "missing_lines": [], "excluded_lines": []}, "TestValidatePollState.test_handles_naive_datetime_objects": {"executed_lines": [116, 117, 120, 121, 122, 123, 124, 125, 126, 129, 132], "summary": {"covered_lines": 11, "num_statements": 11, "percent_covered": 100.0, "percent_covered_display": "100", "missing_lines": 0, "excluded_lines": 0}, "missing_lines": [], "excluded_lines": []}, "TestValidateTournamentLocationVote.test_validates_complete_vote_data": {"executed_lines": [150, 156, 157, 158, 159, 161, 163, 164, 165, 166, 167, 168], "summary": {"covered_lines": 12, "num_statements": 12, "percent_covered": 100.0, "percent_covered_display": "100", "missing_lines": 0, "excluded_lines": 0}, "missing_lines": [], "excluded_lines": []}, "TestValidateTournamentLocationVote.test_returns_error_for_missing_lake_id": {"executed_lines": [172, 174, 176, 177], "summary": {"covered_lines": 4, "num_statements": 4, "percent_covered": 100.0, "percent_covered_display": "100", "missing_lines": 0, "excluded_lines": 0}, "missing_lines": [], "excluded_lines": []}, "TestValidateTournamentLocationVote.test_returns_error_for_missing_ramp_id": {"executed_lines": [181, 183, 185, 186], "summary": {"covered_lines": 4, "num_statements": 4, "percent_covered": 100.0, "percent_covered_display": "100", "missing_lines": 0, "excluded_lines": 0}, "missing_lines": [], "excluded_lines": []}, "TestValidateTournamentLocationVote.test_returns_error_for_missing_start_time": {"executed_lines": [190, 192, 194, 195], "summary": {"covered_lines": 4, "num_statements": 4, "percent_covered": 100.0, "percent_covered_display": "100", "missing_lines": 0, "excluded_lines": 0}, "missing_lines": [], "excluded_lines": []}, "TestValidateTournamentLocationVote.test_returns_error_for_missing_end_time": {"executed_lines": [199, 201, 203, 204], "summary": {"covered_lines": 4, "num_statements": 4, "percent_covered": 100.0, "percent_covered_display": "100", "missing_lines": 0, "excluded_lines": 0}, "missing_lines": [], "excluded_lines": []}, "TestValidateTournamentLocationVote.test_returns_error_for_invalid_lake_ramp_combo": {"executed_lines": [209, 215, 217, 219, 220], "summary": {"covered_lines": 5, "num_statements": 5, "percent_covered": 100.0, "percent_covered_display": "100", "missing_lines": 0, "excluded_lines": 0}, "missing_lines": [], "excluded_lines": []}, "TestValidateTournamentLocationVote.test_returns_error_when_lake_not_found": {"executed_lines": [229, 235, 236, 237, 239, 241, 242], "summary": {"covered_lines": 7, "num_statements": 7, "percent_covered": 100.0, "percent_covered_display": "100", "missing_lines": 0, "excluded_lines": 0}, "missing_lines": [], "excluded_lines": []}, "TestValidateTournamentLocationVote.test_returns_error_when_ramp_not_found": {"executed_lines": [251, 257, 258, 259, 261, 263, 264], "summary": {"covered_lines": 7, "num_statements": 7, "percent_covered": 100.0, "percent_covered_display": "100", "missing_lines": 0, "excluded_lines": 0}, "missing_lines": [], "excluded_lines": []}, "TestGetOrCreateOptionId.test_returns_existing_option_id": {"executed_lines": [273, 276, 277, 278, 281, 282, 283, 284, 286, 287, 289], "summary": {"covered_lines": 11, "num_statements": 11, "percent_covered": 100.0, "percent_covered_display": "100", "missing_lines": 0, "excluded_lines": 0}, "missing_lines": [], "excluded_lines": []}, "TestGetOrCreateOptionId.test_creates_new_option_when_not_exists": {"executed_lines": [294, 297, 298, 299, 300, 302, 303, 306, 307, 308], "summary": {"covered_lines": 10, "num_statements": 10, "percent_covered": 100.0, "percent_covered_display": "100", "missing_lines": 0, "excluded_lines": 0}, "missing_lines": [], "excluded_lines": []}, "TestGetOrCreateOptionId.test_converts_lake_id_to_int": {"executed_lines": [313, 316, 317, 318, 319, 321, 322, 325, 326, 329, 330, 331], "summary": {"covered_lines": 12, "num_statements": 12, "percent_covered": 100.0, "percent_covered_display": "100", "missing_lines": 0, "excluded_lines": 0}, "missing_lines": [], "excluded_lines": []}, "TestGetOrCreateOptionId.test_stores_vote_data_as_json": {"executed_lines": [336, 339, 340, 341, 342, 344, 350, 353, 354, 357, 358, 359], "summary": {"covered_lines": 12, "num_statements": 12, "percent_covered": 100.0, "percent_covered_display": "100", "missing_lines": 0, "excluded_lines": 0}, "missing_lines": [], "excluded_lines": []}, "": {"executed_lines": [1, 3, 4, 5, 7, 14, 15, 17, 18, 29, 30, 40, 41, 56, 57, 75, 76, 94, 95, 113, 114, 135, 136, 138, 139, 140, 141, 142, 170, 179, 188, 197, 206, 207, 222, 223, 224, 225, 244, 245, 246, 247, 267, 268, 270, 271, 291, 292, 310, 311, 333, 334], "summary": {"covered_lines": 48, "num_statements": 48, "percent_covered": 100.0, "percent_covered_display": "100", "missing_lines": 0, "excluded_lines": 0}, "missing_lines": [], "excluded_lines": []}}, "classes": {"TestValidatePollState": {"executed_lines": [20, 21, 22, 23, 25, 27, 32, 33, 34, 36, 38, 43, 44, 47, 48, 49, 50, 52, 54, 59, 60, 63, 64, 65, 66, 67, 68, 69, 71, 73, 78, 79, 82, 83, 84, 85, 86, 87, 88, 90, 92, 97, 98, 101, 102, 103, 104, 105, 106, 107, 109, 111, 116, 117, 120, 121, 122, 123, 124, 125, 126, 129, 132], "summary": {"covered_lines": 63, "num_statements": 63, "percent_covered": 100.0, "percent_covered_display": "100", "missing_lines": 0, "excluded_lines": 0}, "missing_lines": [], "excluded_lines": []}, "TestValidateTournamentLocationVote": {"executed_lines": [150, 156, 157, 158, 159, 161, 163, 164, 165, 166, 167, 168, 172, 174, 176, 177, 181, 183, 185, 186, 190, 192, 194, 195, 199, 201, 203, 204, 209, 215, 217, 219, 220, 229, 235, 236, 237, 239, 241, 242, 251, 257, 258, 259, 261, 263, 264], "summary": {"covered_lines": 47, "num_statements": 47, "percent_covered": 100.0, "percent_covered_display": "100", "missing_lines": 0, "excluded_lines": 0}, "missing_lines": [], "excluded_lines": []}, "TestGetOrCreateOptionId": {"executed_lines": [273, 276, 277, 278, 281, 282, 283, 284, 286, 287, 289, 294, 297, 298, 299, 300, 302, 303, 306, 307, 308, 313, 316, 317, 318, 319, 321, 322, 325, 326, 329, 330, 331, 336, 339, 340, 341, 342, 344, 350, 353, 354, 357, 358, 359], "summary": {"covered_lines": 45, "num_statements": 45, "percent_covered": 100.0, "percent_covered_display": "100", "missing_lines": 0, "excluded_lines": 0}, "missing_lines": [], "excluded_lines": []}, "": {"executed_lines": [1, 3, 4, 5, 7, 14, 15, 17, 18, 29, 30, 40, 41, 56, 57, 75, 76, 94, 95, 113, 114, 135, 136, 138, 139, 140, 141, 142, 170, 179, 188, 197, 206, 207, 222, 223, 224, 225, 244, 245, 246, 247, 267, 268, 270, 271, 291, 292, 310, 311, 333, 334], "summary": {"covered_lines": 48, "num_statements": 48, "percent_covered": 100.0, "percent_covered_display": "100", "missing_lines": 0, "excluded_lines": 0}, "missing_lines": [], "excluded_lines": []}}}, "tests/unit/test_voting_helpers.py": {"executed_lines": [1, 3, 5, 8, 9, 11, 12, 14, 15, 17, 18, 23, 24, 26, 27, 28, 30, 31, 33, 34, 36, 37, 39, 40, 42, 45, 46, 48, 50, 52, 54, 56, 57, 59, 61], "summary": {"covered_lines": 32, "num_statements": 32, "percent_covered": 100.0, "percent_covered_display": "100", "missing_lines": 0, "excluded_lines": 0}, "missing_lines": [], "excluded_lines": [], "functions": {"TestGetPollOptions.test_get_poll_options_calls_query_service": {"executed_lines": [14, 15, 17, 18, 23, 24, 26, 27, 28], "summary": {"covered_lines": 9, "num_statements": 9, "percent_covered": 100.0, "percent_covered_display": "100", "missing_lines": 0, "excluded_lines": 0}, "missing_lines": [], "excluded_lines": []}, "TestGetPollOptions.test_get_poll_options_admin_mode": {"executed_lines": [33, 34, 36, 37, 39, 40, 42], "summary": {"covered_lines": 7, "num_statements": 7, "percent_covered": 100.0, "percent_covered_display": "100", "missing_lines": 0, "excluded_lines": 0}, "missing_lines": [], "excluded_lines": []}, "TestProcessClosedPolls.test_process_closed_polls_no_polls": {"executed_lines": [50, 52], "summary": {"covered_lines": 2, "num_statements": 2, "percent_covered": 100.0, "percent_covered_display": "100", "missing_lines": 0, "excluded_lines": 0}, "missing_lines": [], "excluded_lines": []}, "TestProcessClosedPolls.test_process_closed_polls_handles_exceptions": {"executed_lines": [56, 57, 59, 61], "summary": {"covered_lines": 4, "num_statements": 4, "percent_covered": 100.0, "percent_covered_display": "100", "missing_lines": 0, "excluded_lines": 0}, "missing_lines": [], "excluded_lines": []}, "": {"executed_lines": [1, 3, 5, 8, 9, 11, 12, 30, 31, 45, 46, 48, 54], "summary": {"covered_lines": 10, "num_statements": 10, "percent_covered": 100.0, "percent_covered_display": "100", "missing_lines": 0, "excluded_lines": 0}, "missing_lines": [], "excluded_lines": []}}, "classes": {"TestGetPollOptions": {"executed_lines": [14, 15, 17, 18, 23, 24, 26, 27, 28, 33, 34, 36, 37, 39, 40, 42], "summary": {"covered_lines": 16, "num_statements": 16, "percent_covered": 100.0, "percent_covered_display": "100", "missing_lines": 0, "excluded_lines": 0}, "missing_lines": [], "excluded_lines": []}, "TestProcessClosedPolls": {"executed_lines": [50, 52, 56, 57, 59, 61], "summary": {"covered_lines": 6, "num_statements": 6, "percent_covered": 100.0, "percent_covered_display": "100", "missing_lines": 0, "excluded_lines": 0}, "missing_lines": [], "excluded_lines": []}, "": {"executed_lines": [1, 3, 5, 8, 9, 11, 12, 30, 31, 45, 46, 48, 54], "summary": {"covered_lines": 10, "num_statements": 10, "percent_covered": 100.0, "percent_covered_display": "100", "missing_lines": 0, "excluded_lines": 0}, "missing_lines": [], "excluded_lines": []}}}}, "totals": {"covered_lines": 7393, "num_statements": 15613, "percent_covered": 47.35156600269006, "percent_covered_display": "47", "missing_lines": 8220, "excluded_lines": 68}}
